[ 50%] Built target octree_mapping_core
[ 50%] Built target dda_traversal
[ 50%] Built target cfar
[ 50%] Built target ament_cmake_python_symlink_stonefish_slam_setup
[ 66%] Built target octree_mapping
[ 66%] Built target ament_cmake_python_symlink_stonefish_slam
[ 83%] Built target pcl_module
[100%] Built target ray_processor
running egg_info
writing stonefish_slam.egg-info/PKG-INFO
writing dependency_links to stonefish_slam.egg-info/dependency_links.txt
writing top-level names to stonefish_slam.egg-info/top_level.txt
reading manifest file 'stonefish_slam.egg-info/SOURCES.txt'
writing manifest file 'stonefish_slam.egg-info/SOURCES.txt'
[100%] Built target ament_cmake_python_build_stonefish_slam_egg
-- Install configuration: ""
-- Execute custom install script
-- Up-to-date symlink: /workspace/colcon_ws/src/stonefish_slam/install/stonefish_slam/share/stonefish_slam/environment/pythonpath.sh
-- Up-to-date symlink: /workspace/colcon_ws/src/stonefish_slam/install/stonefish_slam/share/stonefish_slam/environment/pythonpath.dsv
-- Up-to-date symlink: /workspace/colcon_ws/src/stonefish_slam/install/stonefish_slam/local/lib/python3.10/dist-packages/stonefish_slam-0.1.0-py3.10.egg-info/PKG-INFO
-- Up-to-date symlink: /workspace/colcon_ws/src/stonefish_slam/install/stonefish_slam/local/lib/python3.10/dist-packages/stonefish_slam-0.1.0-py3.10.egg-info/SOURCES.txt
-- Up-to-date symlink: /workspace/colcon_ws/src/stonefish_slam/install/stonefish_slam/local/lib/python3.10/dist-packages/stonefish_slam-0.1.0-py3.10.egg-info/dependency_links.txt
-- Up-to-date symlink: /workspace/colcon_ws/src/stonefish_slam/install/stonefish_slam/local/lib/python3.10/dist-packages/stonefish_slam-0.1.0-py3.10.egg-info/top_level.txt
-- Up-to-date symlink: /workspace/colcon_ws/src/stonefish_slam/install/stonefish_slam/local/lib/python3.10/dist-packages/stonefish_slam/__init__.py
-- Up-to-date symlink: /workspace/colcon_ws/src/stonefish_slam/install/stonefish_slam/local/lib/python3.10/dist-packages/stonefish_slam/core/__init__.py
-- Up-to-date symlink: /workspace/colcon_ws/src/stonefish_slam/install/stonefish_slam/local/lib/python3.10/dist-packages/stonefish_slam/core/cfar.py
-- Up-to-date symlink: /workspace/colcon_ws/src/stonefish_slam/install/stonefish_slam/local/lib/python3.10/dist-packages/stonefish_slam/core/dead_reckoning.py
-- Up-to-date symlink: /workspace/colcon_ws/src/stonefish_slam/install/stonefish_slam/local/lib/python3.10/dist-packages/stonefish_slam/core/factor_graph.py
-- Up-to-date symlink: /workspace/colcon_ws/src/stonefish_slam/install/stonefish_slam/local/lib/python3.10/dist-packages/stonefish_slam/core/feature_extraction.py
-- Up-to-date symlink: /workspace/colcon_ws/src/stonefish_slam/install/stonefish_slam/local/lib/python3.10/dist-packages/stonefish_slam/core/kalman.py
-- Up-to-date symlink: /workspace/colcon_ws/src/stonefish_slam/install/stonefish_slam/local/lib/python3.10/dist-packages/stonefish_slam/core/localization.py
-- Up-to-date symlink: /workspace/colcon_ws/src/stonefish_slam/install/stonefish_slam/local/lib/python3.10/dist-packages/stonefish_slam/core/mapping_2d.py
-- Up-to-date symlink: /workspace/colcon_ws/src/stonefish_slam/install/stonefish_slam/local/lib/python3.10/dist-packages/stonefish_slam/core/mapping_3d.py
-- Up-to-date symlink: /workspace/colcon_ws/src/stonefish_slam/install/stonefish_slam/local/lib/python3.10/dist-packages/stonefish_slam/core/octree.py
-- Up-to-date symlink: /workspace/colcon_ws/src/stonefish_slam/install/stonefish_slam/local/lib/python3.10/dist-packages/stonefish_slam/core/slam.py
-- Up-to-date symlink: /workspace/colcon_ws/src/stonefish_slam/install/stonefish_slam/local/lib/python3.10/dist-packages/stonefish_slam/core/slam_legacy.py
-- Up-to-date symlink: /workspace/colcon_ws/src/stonefish_slam/install/stonefish_slam/local/lib/python3.10/dist-packages/stonefish_slam/core/types.py
-- Up-to-date symlink: /workspace/colcon_ws/src/stonefish_slam/install/stonefish_slam/local/lib/python3.10/dist-packages/stonefish_slam/cpp/__init__.py
-- Up-to-date symlink: /workspace/colcon_ws/src/stonefish_slam/install/stonefish_slam/local/lib/python3.10/dist-packages/stonefish_slam/cpp/cfar.cpp
-- Up-to-date symlink: /workspace/colcon_ws/src/stonefish_slam/install/stonefish_slam/local/lib/python3.10/dist-packages/stonefish_slam/cpp/dda_traversal.cpp
-- Up-to-date symlink: /workspace/colcon_ws/src/stonefish_slam/install/stonefish_slam/local/lib/python3.10/dist-packages/stonefish_slam/cpp/dda_traversal.h
-- Up-to-date symlink: /workspace/colcon_ws/src/stonefish_slam/install/stonefish_slam/local/lib/python3.10/dist-packages/stonefish_slam/cpp/octree_mapping.cpp
-- Up-to-date symlink: /workspace/colcon_ws/src/stonefish_slam/install/stonefish_slam/local/lib/python3.10/dist-packages/stonefish_slam/cpp/octree_mapping.h
-- Up-to-date symlink: /workspace/colcon_ws/src/stonefish_slam/install/stonefish_slam/local/lib/python3.10/dist-packages/stonefish_slam/cpp/pcl.cpp
-- Up-to-date symlink: /workspace/colcon_ws/src/stonefish_slam/install/stonefish_slam/local/lib/python3.10/dist-packages/stonefish_slam/cpp/pcl.py
-- Up-to-date symlink: /workspace/colcon_ws/src/stonefish_slam/install/stonefish_slam/local/lib/python3.10/dist-packages/stonefish_slam/cpp/pybind11/.appveyor.yml
-- Up-to-date symlink: /workspace/colcon_ws/src/stonefish_slam/install/stonefish_slam/local/lib/python3.10/dist-packages/stonefish_slam/cpp/pybind11/.clang-format
-- Up-to-date symlink: /workspace/colcon_ws/src/stonefish_slam/install/stonefish_slam/local/lib/python3.10/dist-packages/stonefish_slam/cpp/pybind11/.clang-tidy
-- Up-to-date symlink: /workspace/colcon_ws/src/stonefish_slam/install/stonefish_slam/local/lib/python3.10/dist-packages/stonefish_slam/cpp/pybind11/.cmake-format.yaml
-- Up-to-date symlink: /workspace/colcon_ws/src/stonefish_slam/install/stonefish_slam/local/lib/python3.10/dist-packages/stonefish_slam/cpp/pybind11/.codespell-ignore-lines
-- Up-to-date symlink: /workspace/colcon_ws/src/stonefish_slam/install/stonefish_slam/local/lib/python3.10/dist-packages/stonefish_slam/cpp/pybind11/.gitattributes
-- Up-to-date symlink: /workspace/colcon_ws/src/stonefish_slam/install/stonefish_slam/local/lib/python3.10/dist-packages/stonefish_slam/cpp/pybind11/.github/CODEOWNERS
-- Up-to-date symlink: /workspace/colcon_ws/src/stonefish_slam/install/stonefish_slam/local/lib/python3.10/dist-packages/stonefish_slam/cpp/pybind11/.github/CONTRIBUTING.md
-- Up-to-date symlink: /workspace/colcon_ws/src/stonefish_slam/install/stonefish_slam/local/lib/python3.10/dist-packages/stonefish_slam/cpp/pybind11/.github/ISSUE_TEMPLATE/bug-report.yml
-- Up-to-date symlink: /workspace/colcon_ws/src/stonefish_slam/install/stonefish_slam/local/lib/python3.10/dist-packages/stonefish_slam/cpp/pybind11/.github/ISSUE_TEMPLATE/config.yml
-- Up-to-date symlink: /workspace/colcon_ws/src/stonefish_slam/install/stonefish_slam/local/lib/python3.10/dist-packages/stonefish_slam/cpp/pybind11/.github/dependabot.yml
-- Up-to-date symlink: /workspace/colcon_ws/src/stonefish_slam/install/stonefish_slam/local/lib/python3.10/dist-packages/stonefish_slam/cpp/pybind11/.github/labeler.yml
-- Up-to-date symlink: /workspace/colcon_ws/src/stonefish_slam/install/stonefish_slam/local/lib/python3.10/dist-packages/stonefish_slam/cpp/pybind11/.github/labeler_merged.yml
-- Up-to-date symlink: /workspace/colcon_ws/src/stonefish_slam/install/stonefish_slam/local/lib/python3.10/dist-packages/stonefish_slam/cpp/pybind11/.github/matchers/pylint.json
-- Up-to-date symlink: /workspace/colcon_ws/src/stonefish_slam/install/stonefish_slam/local/lib/python3.10/dist-packages/stonefish_slam/cpp/pybind11/.github/pull_request_template.md
-- Up-to-date symlink: /workspace/colcon_ws/src/stonefish_slam/install/stonefish_slam/local/lib/python3.10/dist-packages/stonefish_slam/cpp/pybind11/.github/workflows/ci.yml
-- Up-to-date symlink: /workspace/colcon_ws/src/stonefish_slam/install/stonefish_slam/local/lib/python3.10/dist-packages/stonefish_slam/cpp/pybind11/.github/workflows/configure.yml
-- Up-to-date symlink: /workspace/colcon_ws/src/stonefish_slam/install/stonefish_slam/local/lib/python3.10/dist-packages/stonefish_slam/cpp/pybind11/.github/workflows/docs-link.yml
-- Up-to-date symlink: /workspace/colcon_ws/src/stonefish_slam/install/stonefish_slam/local/lib/python3.10/dist-packages/stonefish_slam/cpp/pybind11/.github/workflows/emscripten.yaml
-- Up-to-date symlink: /workspace/colcon_ws/src/stonefish_slam/install/stonefish_slam/local/lib/python3.10/dist-packages/stonefish_slam/cpp/pybind11/.github/workflows/format.yml
-- Up-to-date symlink: /workspace/colcon_ws/src/stonefish_slam/install/stonefish_slam/local/lib/python3.10/dist-packages/stonefish_slam/cpp/pybind11/.github/workflows/labeler.yml
-- Up-to-date symlink: /workspace/colcon_ws/src/stonefish_slam/install/stonefish_slam/local/lib/python3.10/dist-packages/stonefish_slam/cpp/pybind11/.github/workflows/nightlies.yml
-- Up-to-date symlink: /workspace/colcon_ws/src/stonefish_slam/install/stonefish_slam/local/lib/python3.10/dist-packages/stonefish_slam/cpp/pybind11/.github/workflows/pip.yml
-- Up-to-date symlink: /workspace/colcon_ws/src/stonefish_slam/install/stonefish_slam/local/lib/python3.10/dist-packages/stonefish_slam/cpp/pybind11/.github/workflows/upstream.yml
-- Up-to-date symlink: /workspace/colcon_ws/src/stonefish_slam/install/stonefish_slam/local/lib/python3.10/dist-packages/stonefish_slam/cpp/pybind11/.gitignore
-- Up-to-date symlink: /workspace/colcon_ws/src/stonefish_slam/install/stonefish_slam/local/lib/python3.10/dist-packages/stonefish_slam/cpp/pybind11/.pre-commit-config.yaml
-- Up-to-date symlink: /workspace/colcon_ws/src/stonefish_slam/install/stonefish_slam/local/lib/python3.10/dist-packages/stonefish_slam/cpp/pybind11/.readthedocs.yml
-- Up-to-date symlink: /workspace/colcon_ws/src/stonefish_slam/install/stonefish_slam/local/lib/python3.10/dist-packages/stonefish_slam/cpp/pybind11/CMakeLists.txt
-- Up-to-date symlink: /workspace/colcon_ws/src/stonefish_slam/install/stonefish_slam/local/lib/python3.10/dist-packages/stonefish_slam/cpp/pybind11/CMakePresets.json
-- Up-to-date symlink: /workspace/colcon_ws/src/stonefish_slam/install/stonefish_slam/local/lib/python3.10/dist-packages/stonefish_slam/cpp/pybind11/LICENSE
-- Up-to-date symlink: /workspace/colcon_ws/src/stonefish_slam/install/stonefish_slam/local/lib/python3.10/dist-packages/stonefish_slam/cpp/pybind11/README.rst
-- Up-to-date symlink: /workspace/colcon_ws/src/stonefish_slam/install/stonefish_slam/local/lib/python3.10/dist-packages/stonefish_slam/cpp/pybind11/SECURITY.md
-- Up-to-date symlink: /workspace/colcon_ws/src/stonefish_slam/install/stonefish_slam/local/lib/python3.10/dist-packages/stonefish_slam/cpp/pybind11/docs/Doxyfile
-- Up-to-date symlink: /workspace/colcon_ws/src/stonefish_slam/install/stonefish_slam/local/lib/python3.10/dist-packages/stonefish_slam/cpp/pybind11/docs/Makefile
-- Up-to-date symlink: /workspace/colcon_ws/src/stonefish_slam/install/stonefish_slam/local/lib/python3.10/dist-packages/stonefish_slam/cpp/pybind11/docs/_static/css/custom.css
-- Up-to-date symlink: /workspace/colcon_ws/src/stonefish_slam/install/stonefish_slam/local/lib/python3.10/dist-packages/stonefish_slam/cpp/pybind11/docs/advanced/cast/chrono.rst
-- Up-to-date symlink: /workspace/colcon_ws/src/stonefish_slam/install/stonefish_slam/local/lib/python3.10/dist-packages/stonefish_slam/cpp/pybind11/docs/advanced/cast/custom.rst
-- Up-to-date symlink: /workspace/colcon_ws/src/stonefish_slam/install/stonefish_slam/local/lib/python3.10/dist-packages/stonefish_slam/cpp/pybind11/docs/advanced/cast/eigen.rst
-- Up-to-date symlink: /workspace/colcon_ws/src/stonefish_slam/install/stonefish_slam/local/lib/python3.10/dist-packages/stonefish_slam/cpp/pybind11/docs/advanced/cast/functional.rst
-- Up-to-date symlink: /workspace/colcon_ws/src/stonefish_slam/install/stonefish_slam/local/lib/python3.10/dist-packages/stonefish_slam/cpp/pybind11/docs/advanced/cast/index.rst
-- Up-to-date symlink: /workspace/colcon_ws/src/stonefish_slam/install/stonefish_slam/local/lib/python3.10/dist-packages/stonefish_slam/cpp/pybind11/docs/advanced/cast/overview.rst
-- Up-to-date symlink: /workspace/colcon_ws/src/stonefish_slam/install/stonefish_slam/local/lib/python3.10/dist-packages/stonefish_slam/cpp/pybind11/docs/advanced/cast/stl.rst
-- Up-to-date symlink: /workspace/colcon_ws/src/stonefish_slam/install/stonefish_slam/local/lib/python3.10/dist-packages/stonefish_slam/cpp/pybind11/docs/advanced/cast/strings.rst
-- Up-to-date symlink: /workspace/colcon_ws/src/stonefish_slam/install/stonefish_slam/local/lib/python3.10/dist-packages/stonefish_slam/cpp/pybind11/docs/advanced/classes.rst
-- Up-to-date symlink: /workspace/colcon_ws/src/stonefish_slam/install/stonefish_slam/local/lib/python3.10/dist-packages/stonefish_slam/cpp/pybind11/docs/advanced/deadlock.md
-- Up-to-date symlink: /workspace/colcon_ws/src/stonefish_slam/install/stonefish_slam/local/lib/python3.10/dist-packages/stonefish_slam/cpp/pybind11/docs/advanced/deprecated.rst
-- Up-to-date symlink: /workspace/colcon_ws/src/stonefish_slam/install/stonefish_slam/local/lib/python3.10/dist-packages/stonefish_slam/cpp/pybind11/docs/advanced/embedding.rst
-- Up-to-date symlink: /workspace/colcon_ws/src/stonefish_slam/install/stonefish_slam/local/lib/python3.10/dist-packages/stonefish_slam/cpp/pybind11/docs/advanced/exceptions.rst
-- Up-to-date symlink: /workspace/colcon_ws/src/stonefish_slam/install/stonefish_slam/local/lib/python3.10/dist-packages/stonefish_slam/cpp/pybind11/docs/advanced/functions.rst
-- Up-to-date symlink: /workspace/colcon_ws/src/stonefish_slam/install/stonefish_slam/local/lib/python3.10/dist-packages/stonefish_slam/cpp/pybind11/docs/advanced/misc.rst
-- Up-to-date symlink: /workspace/colcon_ws/src/stonefish_slam/install/stonefish_slam/local/lib/python3.10/dist-packages/stonefish_slam/cpp/pybind11/docs/advanced/pycpp/index.rst
-- Up-to-date symlink: /workspace/colcon_ws/src/stonefish_slam/install/stonefish_slam/local/lib/python3.10/dist-packages/stonefish_slam/cpp/pybind11/docs/advanced/pycpp/numpy.rst
-- Up-to-date symlink: /workspace/colcon_ws/src/stonefish_slam/install/stonefish_slam/local/lib/python3.10/dist-packages/stonefish_slam/cpp/pybind11/docs/advanced/pycpp/object.rst
-- Up-to-date symlink: /workspace/colcon_ws/src/stonefish_slam/install/stonefish_slam/local/lib/python3.10/dist-packages/stonefish_slam/cpp/pybind11/docs/advanced/pycpp/utilities.rst
-- Up-to-date symlink: /workspace/colcon_ws/src/stonefish_slam/install/stonefish_slam/local/lib/python3.10/dist-packages/stonefish_slam/cpp/pybind11/docs/advanced/smart_ptrs.rst
-- Up-to-date symlink: /workspace/colcon_ws/src/stonefish_slam/install/stonefish_slam/local/lib/python3.10/dist-packages/stonefish_slam/cpp/pybind11/docs/basics.rst
-- Up-to-date symlink: /workspace/colcon_ws/src/stonefish_slam/install/stonefish_slam/local/lib/python3.10/dist-packages/stonefish_slam/cpp/pybind11/docs/benchmark.py
-- Up-to-date symlink: /workspace/colcon_ws/src/stonefish_slam/install/stonefish_slam/local/lib/python3.10/dist-packages/stonefish_slam/cpp/pybind11/docs/benchmark.rst
-- Up-to-date symlink: /workspace/colcon_ws/src/stonefish_slam/install/stonefish_slam/local/lib/python3.10/dist-packages/stonefish_slam/cpp/pybind11/docs/changelog.md
-- Up-to-date symlink: /workspace/colcon_ws/src/stonefish_slam/install/stonefish_slam/local/lib/python3.10/dist-packages/stonefish_slam/cpp/pybind11/docs/classes.rst
-- Up-to-date symlink: /workspace/colcon_ws/src/stonefish_slam/install/stonefish_slam/local/lib/python3.10/dist-packages/stonefish_slam/cpp/pybind11/docs/cmake/index.rst
-- Up-to-date symlink: /workspace/colcon_ws/src/stonefish_slam/install/stonefish_slam/local/lib/python3.10/dist-packages/stonefish_slam/cpp/pybind11/docs/compiling.rst
-- Up-to-date symlink: /workspace/colcon_ws/src/stonefish_slam/install/stonefish_slam/local/lib/python3.10/dist-packages/stonefish_slam/cpp/pybind11/docs/conf.py
-- Up-to-date symlink: /workspace/colcon_ws/src/stonefish_slam/install/stonefish_slam/local/lib/python3.10/dist-packages/stonefish_slam/cpp/pybind11/docs/faq.rst
-- Up-to-date symlink: /workspace/colcon_ws/src/stonefish_slam/install/stonefish_slam/local/lib/python3.10/dist-packages/stonefish_slam/cpp/pybind11/docs/index.rst
-- Up-to-date symlink: /workspace/colcon_ws/src/stonefish_slam/install/stonefish_slam/local/lib/python3.10/dist-packages/stonefish_slam/cpp/pybind11/docs/installing.rst
-- Up-to-date symlink: /workspace/colcon_ws/src/stonefish_slam/install/stonefish_slam/local/lib/python3.10/dist-packages/stonefish_slam/cpp/pybind11/docs/limitations.rst
-- Up-to-date symlink: /workspace/colcon_ws/src/stonefish_slam/install/stonefish_slam/local/lib/python3.10/dist-packages/stonefish_slam/cpp/pybind11/docs/pybind11-logo.png
-- Up-to-date symlink: /workspace/colcon_ws/src/stonefish_slam/install/stonefish_slam/local/lib/python3.10/dist-packages/stonefish_slam/cpp/pybind11/docs/pybind11_vs_boost_python1.png
-- Up-to-date symlink: /workspace/colcon_ws/src/stonefish_slam/install/stonefish_slam/local/lib/python3.10/dist-packages/stonefish_slam/cpp/pybind11/docs/pybind11_vs_boost_python1.svg
-- Up-to-date symlink: /workspace/colcon_ws/src/stonefish_slam/install/stonefish_slam/local/lib/python3.10/dist-packages/stonefish_slam/cpp/pybind11/docs/pybind11_vs_boost_python2.png
-- Up-to-date symlink: /workspace/colcon_ws/src/stonefish_slam/install/stonefish_slam/local/lib/python3.10/dist-packages/stonefish_slam/cpp/pybind11/docs/pybind11_vs_boost_python2.svg
-- Up-to-date symlink: /workspace/colcon_ws/src/stonefish_slam/install/stonefish_slam/local/lib/python3.10/dist-packages/stonefish_slam/cpp/pybind11/docs/reference.rst
-- Up-to-date symlink: /workspace/colcon_ws/src/stonefish_slam/install/stonefish_slam/local/lib/python3.10/dist-packages/stonefish_slam/cpp/pybind11/docs/release.rst
-- Up-to-date symlink: /workspace/colcon_ws/src/stonefish_slam/install/stonefish_slam/local/lib/python3.10/dist-packages/stonefish_slam/cpp/pybind11/docs/requirements.in
-- Up-to-date symlink: /workspace/colcon_ws/src/stonefish_slam/install/stonefish_slam/local/lib/python3.10/dist-packages/stonefish_slam/cpp/pybind11/docs/requirements.txt
-- Up-to-date symlink: /workspace/colcon_ws/src/stonefish_slam/install/stonefish_slam/local/lib/python3.10/dist-packages/stonefish_slam/cpp/pybind11/docs/upgrade.rst
-- Up-to-date symlink: /workspace/colcon_ws/src/stonefish_slam/install/stonefish_slam/local/lib/python3.10/dist-packages/stonefish_slam/cpp/pybind11/include/pybind11/attr.h
-- Up-to-date symlink: /workspace/colcon_ws/src/stonefish_slam/install/stonefish_slam/local/lib/python3.10/dist-packages/stonefish_slam/cpp/pybind11/include/pybind11/buffer_info.h
-- Up-to-date symlink: /workspace/colcon_ws/src/stonefish_slam/install/stonefish_slam/local/lib/python3.10/dist-packages/stonefish_slam/cpp/pybind11/include/pybind11/cast.h
-- Up-to-date symlink: /workspace/colcon_ws/src/stonefish_slam/install/stonefish_slam/local/lib/python3.10/dist-packages/stonefish_slam/cpp/pybind11/include/pybind11/chrono.h
-- Up-to-date symlink: /workspace/colcon_ws/src/stonefish_slam/install/stonefish_slam/local/lib/python3.10/dist-packages/stonefish_slam/cpp/pybind11/include/pybind11/common.h
-- Up-to-date symlink: /workspace/colcon_ws/src/stonefish_slam/install/stonefish_slam/local/lib/python3.10/dist-packages/stonefish_slam/cpp/pybind11/include/pybind11/complex.h
-- Up-to-date symlink: /workspace/colcon_ws/src/stonefish_slam/install/stonefish_slam/local/lib/python3.10/dist-packages/stonefish_slam/cpp/pybind11/include/pybind11/conduit/README.txt
-- Up-to-date symlink: /workspace/colcon_ws/src/stonefish_slam/install/stonefish_slam/local/lib/python3.10/dist-packages/stonefish_slam/cpp/pybind11/include/pybind11/conduit/pybind11_conduit_v1.h
-- Up-to-date symlink: /workspace/colcon_ws/src/stonefish_slam/install/stonefish_slam/local/lib/python3.10/dist-packages/stonefish_slam/cpp/pybind11/include/pybind11/conduit/pybind11_platform_abi_id.h
-- Up-to-date symlink: /workspace/colcon_ws/src/stonefish_slam/install/stonefish_slam/local/lib/python3.10/dist-packages/stonefish_slam/cpp/pybind11/include/pybind11/conduit/wrap_include_python_h.h
-- Up-to-date symlink: /workspace/colcon_ws/src/stonefish_slam/install/stonefish_slam/local/lib/python3.10/dist-packages/stonefish_slam/cpp/pybind11/include/pybind11/critical_section.h
-- Up-to-date symlink: /workspace/colcon_ws/src/stonefish_slam/install/stonefish_slam/local/lib/python3.10/dist-packages/stonefish_slam/cpp/pybind11/include/pybind11/detail/class.h
-- Up-to-date symlink: /workspace/colcon_ws/src/stonefish_slam/install/stonefish_slam/local/lib/python3.10/dist-packages/stonefish_slam/cpp/pybind11/include/pybind11/detail/common.h
-- Up-to-date symlink: /workspace/colcon_ws/src/stonefish_slam/install/stonefish_slam/local/lib/python3.10/dist-packages/stonefish_slam/cpp/pybind11/include/pybind11/detail/cpp_conduit.h
-- Up-to-date symlink: /workspace/colcon_ws/src/stonefish_slam/install/stonefish_slam/local/lib/python3.10/dist-packages/stonefish_slam/cpp/pybind11/include/pybind11/detail/descr.h
-- Up-to-date symlink: /workspace/colcon_ws/src/stonefish_slam/install/stonefish_slam/local/lib/python3.10/dist-packages/stonefish_slam/cpp/pybind11/include/pybind11/detail/dynamic_raw_ptr_cast_if_possible.h
-- Up-to-date symlink: /workspace/colcon_ws/src/stonefish_slam/install/stonefish_slam/local/lib/python3.10/dist-packages/stonefish_slam/cpp/pybind11/include/pybind11/detail/exception_translation.h
-- Up-to-date symlink: /workspace/colcon_ws/src/stonefish_slam/install/stonefish_slam/local/lib/python3.10/dist-packages/stonefish_slam/cpp/pybind11/include/pybind11/detail/function_record_pyobject.h
-- Up-to-date symlink: /workspace/colcon_ws/src/stonefish_slam/install/stonefish_slam/local/lib/python3.10/dist-packages/stonefish_slam/cpp/pybind11/include/pybind11/detail/init.h
-- Up-to-date symlink: /workspace/colcon_ws/src/stonefish_slam/install/stonefish_slam/local/lib/python3.10/dist-packages/stonefish_slam/cpp/pybind11/include/pybind11/detail/internals.h
-- Up-to-date symlink: /workspace/colcon_ws/src/stonefish_slam/install/stonefish_slam/local/lib/python3.10/dist-packages/stonefish_slam/cpp/pybind11/include/pybind11/detail/native_enum_data.h
-- Up-to-date symlink: /workspace/colcon_ws/src/stonefish_slam/install/stonefish_slam/local/lib/python3.10/dist-packages/stonefish_slam/cpp/pybind11/include/pybind11/detail/pybind11_namespace_macros.h
-- Up-to-date symlink: /workspace/colcon_ws/src/stonefish_slam/install/stonefish_slam/local/lib/python3.10/dist-packages/stonefish_slam/cpp/pybind11/include/pybind11/detail/struct_smart_holder.h
-- Up-to-date symlink: /workspace/colcon_ws/src/stonefish_slam/install/stonefish_slam/local/lib/python3.10/dist-packages/stonefish_slam/cpp/pybind11/include/pybind11/detail/type_caster_base.h
-- Up-to-date symlink: /workspace/colcon_ws/src/stonefish_slam/install/stonefish_slam/local/lib/python3.10/dist-packages/stonefish_slam/cpp/pybind11/include/pybind11/detail/typeid.h
-- Up-to-date symlink: /workspace/colcon_ws/src/stonefish_slam/install/stonefish_slam/local/lib/python3.10/dist-packages/stonefish_slam/cpp/pybind11/include/pybind11/detail/using_smart_holder.h
-- Up-to-date symlink: /workspace/colcon_ws/src/stonefish_slam/install/stonefish_slam/local/lib/python3.10/dist-packages/stonefish_slam/cpp/pybind11/include/pybind11/detail/value_and_holder.h
-- Up-to-date symlink: /workspace/colcon_ws/src/stonefish_slam/install/stonefish_slam/local/lib/python3.10/dist-packages/stonefish_slam/cpp/pybind11/include/pybind11/eigen.h
-- Up-to-date symlink: /workspace/colcon_ws/src/stonefish_slam/install/stonefish_slam/local/lib/python3.10/dist-packages/stonefish_slam/cpp/pybind11/include/pybind11/eigen/common.h
-- Up-to-date symlink: /workspace/colcon_ws/src/stonefish_slam/install/stonefish_slam/local/lib/python3.10/dist-packages/stonefish_slam/cpp/pybind11/include/pybind11/eigen/matrix.h
-- Up-to-date symlink: /workspace/colcon_ws/src/stonefish_slam/install/stonefish_slam/local/lib/python3.10/dist-packages/stonefish_slam/cpp/pybind11/include/pybind11/eigen/tensor.h
-- Up-to-date symlink: /workspace/colcon_ws/src/stonefish_slam/install/stonefish_slam/local/lib/python3.10/dist-packages/stonefish_slam/cpp/pybind11/include/pybind11/embed.h
-- Up-to-date symlink: /workspace/colcon_ws/src/stonefish_slam/install/stonefish_slam/local/lib/python3.10/dist-packages/stonefish_slam/cpp/pybind11/include/pybind11/eval.h
-- Up-to-date symlink: /workspace/colcon_ws/src/stonefish_slam/install/stonefish_slam/local/lib/python3.10/dist-packages/stonefish_slam/cpp/pybind11/include/pybind11/functional.h
-- Up-to-date symlink: /workspace/colcon_ws/src/stonefish_slam/install/stonefish_slam/local/lib/python3.10/dist-packages/stonefish_slam/cpp/pybind11/include/pybind11/gil.h
-- Up-to-date symlink: /workspace/colcon_ws/src/stonefish_slam/install/stonefish_slam/local/lib/python3.10/dist-packages/stonefish_slam/cpp/pybind11/include/pybind11/gil_safe_call_once.h
-- Up-to-date symlink: /workspace/colcon_ws/src/stonefish_slam/install/stonefish_slam/local/lib/python3.10/dist-packages/stonefish_slam/cpp/pybind11/include/pybind11/gil_simple.h
-- Up-to-date symlink: /workspace/colcon_ws/src/stonefish_slam/install/stonefish_slam/local/lib/python3.10/dist-packages/stonefish_slam/cpp/pybind11/include/pybind11/iostream.h
-- Up-to-date symlink: /workspace/colcon_ws/src/stonefish_slam/install/stonefish_slam/local/lib/python3.10/dist-packages/stonefish_slam/cpp/pybind11/include/pybind11/native_enum.h
-- Up-to-date symlink: /workspace/colcon_ws/src/stonefish_slam/install/stonefish_slam/local/lib/python3.10/dist-packages/stonefish_slam/cpp/pybind11/include/pybind11/numpy.h
-- Up-to-date symlink: /workspace/colcon_ws/src/stonefish_slam/install/stonefish_slam/local/lib/python3.10/dist-packages/stonefish_slam/cpp/pybind11/include/pybind11/operators.h
-- Up-to-date symlink: /workspace/colcon_ws/src/stonefish_slam/install/stonefish_slam/local/lib/python3.10/dist-packages/stonefish_slam/cpp/pybind11/include/pybind11/options.h
-- Up-to-date symlink: /workspace/colcon_ws/src/stonefish_slam/install/stonefish_slam/local/lib/python3.10/dist-packages/stonefish_slam/cpp/pybind11/include/pybind11/pybind11.h
-- Up-to-date symlink: /workspace/colcon_ws/src/stonefish_slam/install/stonefish_slam/local/lib/python3.10/dist-packages/stonefish_slam/cpp/pybind11/include/pybind11/pytypes.h
-- Up-to-date symlink: /workspace/colcon_ws/src/stonefish_slam/install/stonefish_slam/local/lib/python3.10/dist-packages/stonefish_slam/cpp/pybind11/include/pybind11/stl.h
-- Up-to-date symlink: /workspace/colcon_ws/src/stonefish_slam/install/stonefish_slam/local/lib/python3.10/dist-packages/stonefish_slam/cpp/pybind11/include/pybind11/stl/filesystem.h
-- Up-to-date symlink: /workspace/colcon_ws/src/stonefish_slam/install/stonefish_slam/local/lib/python3.10/dist-packages/stonefish_slam/cpp/pybind11/include/pybind11/stl_bind.h
-- Up-to-date symlink: /workspace/colcon_ws/src/stonefish_slam/install/stonefish_slam/local/lib/python3.10/dist-packages/stonefish_slam/cpp/pybind11/include/pybind11/subinterpreter.h
-- Up-to-date symlink: /workspace/colcon_ws/src/stonefish_slam/install/stonefish_slam/local/lib/python3.10/dist-packages/stonefish_slam/cpp/pybind11/include/pybind11/trampoline_self_life_support.h
-- Up-to-date symlink: /workspace/colcon_ws/src/stonefish_slam/install/stonefish_slam/local/lib/python3.10/dist-packages/stonefish_slam/cpp/pybind11/include/pybind11/type_caster_pyobject_ptr.h
-- Up-to-date symlink: /workspace/colcon_ws/src/stonefish_slam/install/stonefish_slam/local/lib/python3.10/dist-packages/stonefish_slam/cpp/pybind11/include/pybind11/typing.h
-- Up-to-date symlink: /workspace/colcon_ws/src/stonefish_slam/install/stonefish_slam/local/lib/python3.10/dist-packages/stonefish_slam/cpp/pybind11/include/pybind11/warnings.h
-- Up-to-date symlink: /workspace/colcon_ws/src/stonefish_slam/install/stonefish_slam/local/lib/python3.10/dist-packages/stonefish_slam/cpp/pybind11/noxfile.py
-- Up-to-date symlink: /workspace/colcon_ws/src/stonefish_slam/install/stonefish_slam/local/lib/python3.10/dist-packages/stonefish_slam/cpp/pybind11/pybind11/__init__.py
-- Up-to-date symlink: /workspace/colcon_ws/src/stonefish_slam/install/stonefish_slam/local/lib/python3.10/dist-packages/stonefish_slam/cpp/pybind11/pybind11/__main__.py
-- Up-to-date symlink: /workspace/colcon_ws/src/stonefish_slam/install/stonefish_slam/local/lib/python3.10/dist-packages/stonefish_slam/cpp/pybind11/pybind11/_version.py
-- Up-to-date symlink: /workspace/colcon_ws/src/stonefish_slam/install/stonefish_slam/local/lib/python3.10/dist-packages/stonefish_slam/cpp/pybind11/pybind11/commands.py
-- Up-to-date symlink: /workspace/colcon_ws/src/stonefish_slam/install/stonefish_slam/local/lib/python3.10/dist-packages/stonefish_slam/cpp/pybind11/pybind11/py.typed
-- Up-to-date symlink: /workspace/colcon_ws/src/stonefish_slam/install/stonefish_slam/local/lib/python3.10/dist-packages/stonefish_slam/cpp/pybind11/pybind11/setup_helpers.py
-- Up-to-date symlink: /workspace/colcon_ws/src/stonefish_slam/install/stonefish_slam/local/lib/python3.10/dist-packages/stonefish_slam/cpp/pybind11/pyproject.toml
-- Up-to-date symlink: /workspace/colcon_ws/src/stonefish_slam/install/stonefish_slam/local/lib/python3.10/dist-packages/stonefish_slam/cpp/pybind11/tests/CMakeLists.txt
-- Up-to-date symlink: /workspace/colcon_ws/src/stonefish_slam/install/stonefish_slam/local/lib/python3.10/dist-packages/stonefish_slam/cpp/pybind11/tests/conftest.py
-- Up-to-date symlink: /workspace/colcon_ws/src/stonefish_slam/install/stonefish_slam/local/lib/python3.10/dist-packages/stonefish_slam/cpp/pybind11/tests/constructor_stats.h
-- Up-to-date symlink: /workspace/colcon_ws/src/stonefish_slam/install/stonefish_slam/local/lib/python3.10/dist-packages/stonefish_slam/cpp/pybind11/tests/cross_module_gil_utils.cpp
-- Up-to-date symlink: /workspace/colcon_ws/src/stonefish_slam/install/stonefish_slam/local/lib/python3.10/dist-packages/stonefish_slam/cpp/pybind11/tests/cross_module_interleaved_error_already_set.cpp
-- Up-to-date symlink: /workspace/colcon_ws/src/stonefish_slam/install/stonefish_slam/local/lib/python3.10/dist-packages/stonefish_slam/cpp/pybind11/tests/custom_exceptions.py
-- Up-to-date symlink: /workspace/colcon_ws/src/stonefish_slam/install/stonefish_slam/local/lib/python3.10/dist-packages/stonefish_slam/cpp/pybind11/tests/eigen_tensor_avoid_stl_array.cpp
-- Up-to-date symlink: /workspace/colcon_ws/src/stonefish_slam/install/stonefish_slam/local/lib/python3.10/dist-packages/stonefish_slam/cpp/pybind11/tests/env.py
-- Up-to-date symlink: /workspace/colcon_ws/src/stonefish_slam/install/stonefish_slam/local/lib/python3.10/dist-packages/stonefish_slam/cpp/pybind11/tests/exo_planet_c_api.cpp
-- Up-to-date symlink: /workspace/colcon_ws/src/stonefish_slam/install/stonefish_slam/local/lib/python3.10/dist-packages/stonefish_slam/cpp/pybind11/tests/exo_planet_pybind11.cpp
-- Up-to-date symlink: /workspace/colcon_ws/src/stonefish_slam/install/stonefish_slam/local/lib/python3.10/dist-packages/stonefish_slam/cpp/pybind11/tests/extra_python_package/pytest.ini
-- Up-to-date symlink: /workspace/colcon_ws/src/stonefish_slam/install/stonefish_slam/local/lib/python3.10/dist-packages/stonefish_slam/cpp/pybind11/tests/extra_python_package/test_files.py
-- Up-to-date symlink: /workspace/colcon_ws/src/stonefish_slam/install/stonefish_slam/local/lib/python3.10/dist-packages/stonefish_slam/cpp/pybind11/tests/extra_setuptools/pytest.ini
-- Up-to-date symlink: /workspace/colcon_ws/src/stonefish_slam/install/stonefish_slam/local/lib/python3.10/dist-packages/stonefish_slam/cpp/pybind11/tests/extra_setuptools/test_setuphelper.py
-- Up-to-date symlink: /workspace/colcon_ws/src/stonefish_slam/install/stonefish_slam/local/lib/python3.10/dist-packages/stonefish_slam/cpp/pybind11/tests/home_planet_very_lonely_traveler.cpp
-- Up-to-date symlink: /workspace/colcon_ws/src/stonefish_slam/install/stonefish_slam/local/lib/python3.10/dist-packages/stonefish_slam/cpp/pybind11/tests/local_bindings.h
-- Up-to-date symlink: /workspace/colcon_ws/src/stonefish_slam/install/stonefish_slam/local/lib/python3.10/dist-packages/stonefish_slam/cpp/pybind11/tests/mod_per_interpreter_gil.cpp
-- Up-to-date symlink: /workspace/colcon_ws/src/stonefish_slam/install/stonefish_slam/local/lib/python3.10/dist-packages/stonefish_slam/cpp/pybind11/tests/mod_shared_interpreter_gil.cpp
-- Up-to-date symlink: /workspace/colcon_ws/src/stonefish_slam/install/stonefish_slam/local/lib/python3.10/dist-packages/stonefish_slam/cpp/pybind11/tests/object.h
-- Up-to-date symlink: /workspace/colcon_ws/src/stonefish_slam/install/stonefish_slam/local/lib/python3.10/dist-packages/stonefish_slam/cpp/pybind11/tests/pure_cpp/CMakeLists.txt
-- Up-to-date symlink: /workspace/colcon_ws/src/stonefish_slam/install/stonefish_slam/local/lib/python3.10/dist-packages/stonefish_slam/cpp/pybind11/tests/pure_cpp/smart_holder_poc.h
-- Up-to-date symlink: /workspace/colcon_ws/src/stonefish_slam/install/stonefish_slam/local/lib/python3.10/dist-packages/stonefish_slam/cpp/pybind11/tests/pure_cpp/smart_holder_poc_test.cpp
-- Up-to-date symlink: /workspace/colcon_ws/src/stonefish_slam/install/stonefish_slam/local/lib/python3.10/dist-packages/stonefish_slam/cpp/pybind11/tests/pybind11_cross_module_tests.cpp
-- Up-to-date symlink: /workspace/colcon_ws/src/stonefish_slam/install/stonefish_slam/local/lib/python3.10/dist-packages/stonefish_slam/cpp/pybind11/tests/pybind11_tests.cpp
-- Up-to-date symlink: /workspace/colcon_ws/src/stonefish_slam/install/stonefish_slam/local/lib/python3.10/dist-packages/stonefish_slam/cpp/pybind11/tests/pybind11_tests.h
-- Up-to-date symlink: /workspace/colcon_ws/src/stonefish_slam/install/stonefish_slam/local/lib/python3.10/dist-packages/stonefish_slam/cpp/pybind11/tests/pyproject.toml
-- Up-to-date symlink: /workspace/colcon_ws/src/stonefish_slam/install/stonefish_slam/local/lib/python3.10/dist-packages/stonefish_slam/cpp/pybind11/tests/pytest.ini
-- Up-to-date symlink: /workspace/colcon_ws/src/stonefish_slam/install/stonefish_slam/local/lib/python3.10/dist-packages/stonefish_slam/cpp/pybind11/tests/requirements.txt
-- Up-to-date symlink: /workspace/colcon_ws/src/stonefish_slam/install/stonefish_slam/local/lib/python3.10/dist-packages/stonefish_slam/cpp/pybind11/tests/test_async.cpp
-- Up-to-date symlink: /workspace/colcon_ws/src/stonefish_slam/install/stonefish_slam/local/lib/python3.10/dist-packages/stonefish_slam/cpp/pybind11/tests/test_async.py
-- Up-to-date symlink: /workspace/colcon_ws/src/stonefish_slam/install/stonefish_slam/local/lib/python3.10/dist-packages/stonefish_slam/cpp/pybind11/tests/test_buffers.cpp
-- Up-to-date symlink: /workspace/colcon_ws/src/stonefish_slam/install/stonefish_slam/local/lib/python3.10/dist-packages/stonefish_slam/cpp/pybind11/tests/test_buffers.py
-- Up-to-date symlink: /workspace/colcon_ws/src/stonefish_slam/install/stonefish_slam/local/lib/python3.10/dist-packages/stonefish_slam/cpp/pybind11/tests/test_builtin_casters.cpp
-- Up-to-date symlink: /workspace/colcon_ws/src/stonefish_slam/install/stonefish_slam/local/lib/python3.10/dist-packages/stonefish_slam/cpp/pybind11/tests/test_builtin_casters.py
-- Up-to-date symlink: /workspace/colcon_ws/src/stonefish_slam/install/stonefish_slam/local/lib/python3.10/dist-packages/stonefish_slam/cpp/pybind11/tests/test_call_policies.cpp
-- Up-to-date symlink: /workspace/colcon_ws/src/stonefish_slam/install/stonefish_slam/local/lib/python3.10/dist-packages/stonefish_slam/cpp/pybind11/tests/test_call_policies.py
-- Up-to-date symlink: /workspace/colcon_ws/src/stonefish_slam/install/stonefish_slam/local/lib/python3.10/dist-packages/stonefish_slam/cpp/pybind11/tests/test_callbacks.cpp
-- Up-to-date symlink: /workspace/colcon_ws/src/stonefish_slam/install/stonefish_slam/local/lib/python3.10/dist-packages/stonefish_slam/cpp/pybind11/tests/test_callbacks.py
-- Up-to-date symlink: /workspace/colcon_ws/src/stonefish_slam/install/stonefish_slam/local/lib/python3.10/dist-packages/stonefish_slam/cpp/pybind11/tests/test_chrono.cpp
-- Up-to-date symlink: /workspace/colcon_ws/src/stonefish_slam/install/stonefish_slam/local/lib/python3.10/dist-packages/stonefish_slam/cpp/pybind11/tests/test_chrono.py
-- Up-to-date symlink: /workspace/colcon_ws/src/stonefish_slam/install/stonefish_slam/local/lib/python3.10/dist-packages/stonefish_slam/cpp/pybind11/tests/test_class.cpp
-- Up-to-date symlink: /workspace/colcon_ws/src/stonefish_slam/install/stonefish_slam/local/lib/python3.10/dist-packages/stonefish_slam/cpp/pybind11/tests/test_class.py
-- Up-to-date symlink: /workspace/colcon_ws/src/stonefish_slam/install/stonefish_slam/local/lib/python3.10/dist-packages/stonefish_slam/cpp/pybind11/tests/test_class_release_gil_before_calling_cpp_dtor.cpp
-- Up-to-date symlink: /workspace/colcon_ws/src/stonefish_slam/install/stonefish_slam/local/lib/python3.10/dist-packages/stonefish_slam/cpp/pybind11/tests/test_class_release_gil_before_calling_cpp_dtor.py
-- Up-to-date symlink: /workspace/colcon_ws/src/stonefish_slam/install/stonefish_slam/local/lib/python3.10/dist-packages/stonefish_slam/cpp/pybind11/tests/test_class_sh_basic.cpp
-- Up-to-date symlink: /workspace/colcon_ws/src/stonefish_slam/install/stonefish_slam/local/lib/python3.10/dist-packages/stonefish_slam/cpp/pybind11/tests/test_class_sh_basic.py
-- Up-to-date symlink: /workspace/colcon_ws/src/stonefish_slam/install/stonefish_slam/local/lib/python3.10/dist-packages/stonefish_slam/cpp/pybind11/tests/test_class_sh_disowning.cpp
-- Up-to-date symlink: /workspace/colcon_ws/src/stonefish_slam/install/stonefish_slam/local/lib/python3.10/dist-packages/stonefish_slam/cpp/pybind11/tests/test_class_sh_disowning.py
-- Up-to-date symlink: /workspace/colcon_ws/src/stonefish_slam/install/stonefish_slam/local/lib/python3.10/dist-packages/stonefish_slam/cpp/pybind11/tests/test_class_sh_disowning_mi.cpp
-- Up-to-date symlink: /workspace/colcon_ws/src/stonefish_slam/install/stonefish_slam/local/lib/python3.10/dist-packages/stonefish_slam/cpp/pybind11/tests/test_class_sh_disowning_mi.py
-- Up-to-date symlink: /workspace/colcon_ws/src/stonefish_slam/install/stonefish_slam/local/lib/python3.10/dist-packages/stonefish_slam/cpp/pybind11/tests/test_class_sh_factory_constructors.cpp
-- Up-to-date symlink: /workspace/colcon_ws/src/stonefish_slam/install/stonefish_slam/local/lib/python3.10/dist-packages/stonefish_slam/cpp/pybind11/tests/test_class_sh_factory_constructors.py
-- Up-to-date symlink: /workspace/colcon_ws/src/stonefish_slam/install/stonefish_slam/local/lib/python3.10/dist-packages/stonefish_slam/cpp/pybind11/tests/test_class_sh_inheritance.cpp
-- Up-to-date symlink: /workspace/colcon_ws/src/stonefish_slam/install/stonefish_slam/local/lib/python3.10/dist-packages/stonefish_slam/cpp/pybind11/tests/test_class_sh_inheritance.py
-- Up-to-date symlink: /workspace/colcon_ws/src/stonefish_slam/install/stonefish_slam/local/lib/python3.10/dist-packages/stonefish_slam/cpp/pybind11/tests/test_class_sh_mi_thunks.cpp
-- Up-to-date symlink: /workspace/colcon_ws/src/stonefish_slam/install/stonefish_slam/local/lib/python3.10/dist-packages/stonefish_slam/cpp/pybind11/tests/test_class_sh_mi_thunks.py
-- Up-to-date symlink: /workspace/colcon_ws/src/stonefish_slam/install/stonefish_slam/local/lib/python3.10/dist-packages/stonefish_slam/cpp/pybind11/tests/test_class_sh_property.cpp
-- Up-to-date symlink: /workspace/colcon_ws/src/stonefish_slam/install/stonefish_slam/local/lib/python3.10/dist-packages/stonefish_slam/cpp/pybind11/tests/test_class_sh_property.py
-- Up-to-date symlink: /workspace/colcon_ws/src/stonefish_slam/install/stonefish_slam/local/lib/python3.10/dist-packages/stonefish_slam/cpp/pybind11/tests/test_class_sh_property_non_owning.cpp
-- Up-to-date symlink: /workspace/colcon_ws/src/stonefish_slam/install/stonefish_slam/local/lib/python3.10/dist-packages/stonefish_slam/cpp/pybind11/tests/test_class_sh_property_non_owning.py
-- Up-to-date symlink: /workspace/colcon_ws/src/stonefish_slam/install/stonefish_slam/local/lib/python3.10/dist-packages/stonefish_slam/cpp/pybind11/tests/test_class_sh_shared_ptr_copy_move.cpp
-- Up-to-date symlink: /workspace/colcon_ws/src/stonefish_slam/install/stonefish_slam/local/lib/python3.10/dist-packages/stonefish_slam/cpp/pybind11/tests/test_class_sh_shared_ptr_copy_move.py
-- Up-to-date symlink: /workspace/colcon_ws/src/stonefish_slam/install/stonefish_slam/local/lib/python3.10/dist-packages/stonefish_slam/cpp/pybind11/tests/test_class_sh_trampoline_basic.cpp
-- Up-to-date symlink: /workspace/colcon_ws/src/stonefish_slam/install/stonefish_slam/local/lib/python3.10/dist-packages/stonefish_slam/cpp/pybind11/tests/test_class_sh_trampoline_basic.py
-- Up-to-date symlink: /workspace/colcon_ws/src/stonefish_slam/install/stonefish_slam/local/lib/python3.10/dist-packages/stonefish_slam/cpp/pybind11/tests/test_class_sh_trampoline_self_life_support.cpp
-- Up-to-date symlink: /workspace/colcon_ws/src/stonefish_slam/install/stonefish_slam/local/lib/python3.10/dist-packages/stonefish_slam/cpp/pybind11/tests/test_class_sh_trampoline_self_life_support.py
-- Up-to-date symlink: /workspace/colcon_ws/src/stonefish_slam/install/stonefish_slam/local/lib/python3.10/dist-packages/stonefish_slam/cpp/pybind11/tests/test_class_sh_trampoline_shared_from_this.cpp
-- Up-to-date symlink: /workspace/colcon_ws/src/stonefish_slam/install/stonefish_slam/local/lib/python3.10/dist-packages/stonefish_slam/cpp/pybind11/tests/test_class_sh_trampoline_shared_from_this.py
-- Up-to-date symlink: /workspace/colcon_ws/src/stonefish_slam/install/stonefish_slam/local/lib/python3.10/dist-packages/stonefish_slam/cpp/pybind11/tests/test_class_sh_trampoline_shared_ptr_cpp_arg.cpp
-- Up-to-date symlink: /workspace/colcon_ws/src/stonefish_slam/install/stonefish_slam/local/lib/python3.10/dist-packages/stonefish_slam/cpp/pybind11/tests/test_class_sh_trampoline_shared_ptr_cpp_arg.py
-- Up-to-date symlink: /workspace/colcon_ws/src/stonefish_slam/install/stonefish_slam/local/lib/python3.10/dist-packages/stonefish_slam/cpp/pybind11/tests/test_class_sh_trampoline_unique_ptr.cpp
-- Up-to-date symlink: /workspace/colcon_ws/src/stonefish_slam/install/stonefish_slam/local/lib/python3.10/dist-packages/stonefish_slam/cpp/pybind11/tests/test_class_sh_trampoline_unique_ptr.py
-- Up-to-date symlink: /workspace/colcon_ws/src/stonefish_slam/install/stonefish_slam/local/lib/python3.10/dist-packages/stonefish_slam/cpp/pybind11/tests/test_class_sh_unique_ptr_custom_deleter.cpp
-- Up-to-date symlink: /workspace/colcon_ws/src/stonefish_slam/install/stonefish_slam/local/lib/python3.10/dist-packages/stonefish_slam/cpp/pybind11/tests/test_class_sh_unique_ptr_custom_deleter.py
-- Up-to-date symlink: /workspace/colcon_ws/src/stonefish_slam/install/stonefish_slam/local/lib/python3.10/dist-packages/stonefish_slam/cpp/pybind11/tests/test_class_sh_unique_ptr_member.cpp
-- Up-to-date symlink: /workspace/colcon_ws/src/stonefish_slam/install/stonefish_slam/local/lib/python3.10/dist-packages/stonefish_slam/cpp/pybind11/tests/test_class_sh_unique_ptr_member.py
-- Up-to-date symlink: /workspace/colcon_ws/src/stonefish_slam/install/stonefish_slam/local/lib/python3.10/dist-packages/stonefish_slam/cpp/pybind11/tests/test_class_sh_virtual_py_cpp_mix.cpp
-- Up-to-date symlink: /workspace/colcon_ws/src/stonefish_slam/install/stonefish_slam/local/lib/python3.10/dist-packages/stonefish_slam/cpp/pybind11/tests/test_class_sh_virtual_py_cpp_mix.py
-- Up-to-date symlink: /workspace/colcon_ws/src/stonefish_slam/install/stonefish_slam/local/lib/python3.10/dist-packages/stonefish_slam/cpp/pybind11/tests/test_cmake_build/CMakeLists.txt
-- Up-to-date symlink: /workspace/colcon_ws/src/stonefish_slam/install/stonefish_slam/local/lib/python3.10/dist-packages/stonefish_slam/cpp/pybind11/tests/test_cmake_build/embed.cpp
-- Up-to-date symlink: /workspace/colcon_ws/src/stonefish_slam/install/stonefish_slam/local/lib/python3.10/dist-packages/stonefish_slam/cpp/pybind11/tests/test_cmake_build/installed_embed/CMakeLists.txt
-- Up-to-date symlink: /workspace/colcon_ws/src/stonefish_slam/install/stonefish_slam/local/lib/python3.10/dist-packages/stonefish_slam/cpp/pybind11/tests/test_cmake_build/installed_function/CMakeLists.txt
-- Up-to-date symlink: /workspace/colcon_ws/src/stonefish_slam/install/stonefish_slam/local/lib/python3.10/dist-packages/stonefish_slam/cpp/pybind11/tests/test_cmake_build/installed_target/CMakeLists.txt
-- Up-to-date symlink: /workspace/colcon_ws/src/stonefish_slam/install/stonefish_slam/local/lib/python3.10/dist-packages/stonefish_slam/cpp/pybind11/tests/test_cmake_build/main.cpp
-- Up-to-date symlink: /workspace/colcon_ws/src/stonefish_slam/install/stonefish_slam/local/lib/python3.10/dist-packages/stonefish_slam/cpp/pybind11/tests/test_cmake_build/subdirectory_embed/CMakeLists.txt
-- Up-to-date symlink: /workspace/colcon_ws/src/stonefish_slam/install/stonefish_slam/local/lib/python3.10/dist-packages/stonefish_slam/cpp/pybind11/tests/test_cmake_build/subdirectory_function/CMakeLists.txt
-- Up-to-date symlink: /workspace/colcon_ws/src/stonefish_slam/install/stonefish_slam/local/lib/python3.10/dist-packages/stonefish_slam/cpp/pybind11/tests/test_cmake_build/subdirectory_target/CMakeLists.txt
-- Up-to-date symlink: /workspace/colcon_ws/src/stonefish_slam/install/stonefish_slam/local/lib/python3.10/dist-packages/stonefish_slam/cpp/pybind11/tests/test_cmake_build/test.py
-- Up-to-date symlink: /workspace/colcon_ws/src/stonefish_slam/install/stonefish_slam/local/lib/python3.10/dist-packages/stonefish_slam/cpp/pybind11/tests/test_const_name.cpp
-- Up-to-date symlink: /workspace/colcon_ws/src/stonefish_slam/install/stonefish_slam/local/lib/python3.10/dist-packages/stonefish_slam/cpp/pybind11/tests/test_const_name.py
-- Up-to-date symlink: /workspace/colcon_ws/src/stonefish_slam/install/stonefish_slam/local/lib/python3.10/dist-packages/stonefish_slam/cpp/pybind11/tests/test_constants_and_functions.cpp
-- Up-to-date symlink: /workspace/colcon_ws/src/stonefish_slam/install/stonefish_slam/local/lib/python3.10/dist-packages/stonefish_slam/cpp/pybind11/tests/test_constants_and_functions.py
-- Up-to-date symlink: /workspace/colcon_ws/src/stonefish_slam/install/stonefish_slam/local/lib/python3.10/dist-packages/stonefish_slam/cpp/pybind11/tests/test_copy_move.cpp
-- Up-to-date symlink: /workspace/colcon_ws/src/stonefish_slam/install/stonefish_slam/local/lib/python3.10/dist-packages/stonefish_slam/cpp/pybind11/tests/test_copy_move.py
-- Up-to-date symlink: /workspace/colcon_ws/src/stonefish_slam/install/stonefish_slam/local/lib/python3.10/dist-packages/stonefish_slam/cpp/pybind11/tests/test_cpp_conduit.cpp
-- Up-to-date symlink: /workspace/colcon_ws/src/stonefish_slam/install/stonefish_slam/local/lib/python3.10/dist-packages/stonefish_slam/cpp/pybind11/tests/test_cpp_conduit.py
-- Up-to-date symlink: /workspace/colcon_ws/src/stonefish_slam/install/stonefish_slam/local/lib/python3.10/dist-packages/stonefish_slam/cpp/pybind11/tests/test_cpp_conduit_traveler_bindings.h
-- Up-to-date symlink: /workspace/colcon_ws/src/stonefish_slam/install/stonefish_slam/local/lib/python3.10/dist-packages/stonefish_slam/cpp/pybind11/tests/test_cpp_conduit_traveler_types.h
-- Up-to-date symlink: /workspace/colcon_ws/src/stonefish_slam/install/stonefish_slam/local/lib/python3.10/dist-packages/stonefish_slam/cpp/pybind11/tests/test_custom_type_casters.cpp
-- Up-to-date symlink: /workspace/colcon_ws/src/stonefish_slam/install/stonefish_slam/local/lib/python3.10/dist-packages/stonefish_slam/cpp/pybind11/tests/test_custom_type_casters.py
-- Up-to-date symlink: /workspace/colcon_ws/src/stonefish_slam/install/stonefish_slam/local/lib/python3.10/dist-packages/stonefish_slam/cpp/pybind11/tests/test_custom_type_setup.cpp
-- Up-to-date symlink: /workspace/colcon_ws/src/stonefish_slam/install/stonefish_slam/local/lib/python3.10/dist-packages/stonefish_slam/cpp/pybind11/tests/test_custom_type_setup.py
-- Up-to-date symlink: /workspace/colcon_ws/src/stonefish_slam/install/stonefish_slam/local/lib/python3.10/dist-packages/stonefish_slam/cpp/pybind11/tests/test_docs_advanced_cast_custom.cpp
-- Up-to-date symlink: /workspace/colcon_ws/src/stonefish_slam/install/stonefish_slam/local/lib/python3.10/dist-packages/stonefish_slam/cpp/pybind11/tests/test_docs_advanced_cast_custom.py
-- Up-to-date symlink: /workspace/colcon_ws/src/stonefish_slam/install/stonefish_slam/local/lib/python3.10/dist-packages/stonefish_slam/cpp/pybind11/tests/test_docstring_options.cpp
-- Up-to-date symlink: /workspace/colcon_ws/src/stonefish_slam/install/stonefish_slam/local/lib/python3.10/dist-packages/stonefish_slam/cpp/pybind11/tests/test_docstring_options.py
-- Up-to-date symlink: /workspace/colcon_ws/src/stonefish_slam/install/stonefish_slam/local/lib/python3.10/dist-packages/stonefish_slam/cpp/pybind11/tests/test_eigen_matrix.cpp
-- Up-to-date symlink: /workspace/colcon_ws/src/stonefish_slam/install/stonefish_slam/local/lib/python3.10/dist-packages/stonefish_slam/cpp/pybind11/tests/test_eigen_matrix.py
-- Up-to-date symlink: /workspace/colcon_ws/src/stonefish_slam/install/stonefish_slam/local/lib/python3.10/dist-packages/stonefish_slam/cpp/pybind11/tests/test_eigen_tensor.cpp
-- Up-to-date symlink: /workspace/colcon_ws/src/stonefish_slam/install/stonefish_slam/local/lib/python3.10/dist-packages/stonefish_slam/cpp/pybind11/tests/test_eigen_tensor.inl
-- Up-to-date symlink: /workspace/colcon_ws/src/stonefish_slam/install/stonefish_slam/local/lib/python3.10/dist-packages/stonefish_slam/cpp/pybind11/tests/test_eigen_tensor.py
-- Up-to-date symlink: /workspace/colcon_ws/src/stonefish_slam/install/stonefish_slam/local/lib/python3.10/dist-packages/stonefish_slam/cpp/pybind11/tests/test_embed/CMakeLists.txt
-- Up-to-date symlink: /workspace/colcon_ws/src/stonefish_slam/install/stonefish_slam/local/lib/python3.10/dist-packages/stonefish_slam/cpp/pybind11/tests/test_embed/catch.cpp
-- Up-to-date symlink: /workspace/colcon_ws/src/stonefish_slam/install/stonefish_slam/local/lib/python3.10/dist-packages/stonefish_slam/cpp/pybind11/tests/test_embed/external_module.cpp
-- Up-to-date symlink: /workspace/colcon_ws/src/stonefish_slam/install/stonefish_slam/local/lib/python3.10/dist-packages/stonefish_slam/cpp/pybind11/tests/test_embed/test_interpreter.cpp
-- Up-to-date symlink: /workspace/colcon_ws/src/stonefish_slam/install/stonefish_slam/local/lib/python3.10/dist-packages/stonefish_slam/cpp/pybind11/tests/test_embed/test_interpreter.py
-- Up-to-date symlink: /workspace/colcon_ws/src/stonefish_slam/install/stonefish_slam/local/lib/python3.10/dist-packages/stonefish_slam/cpp/pybind11/tests/test_embed/test_subinterpreter.cpp
-- Up-to-date symlink: /workspace/colcon_ws/src/stonefish_slam/install/stonefish_slam/local/lib/python3.10/dist-packages/stonefish_slam/cpp/pybind11/tests/test_embed/test_trampoline.py
-- Up-to-date symlink: /workspace/colcon_ws/src/stonefish_slam/install/stonefish_slam/local/lib/python3.10/dist-packages/stonefish_slam/cpp/pybind11/tests/test_enum.cpp
-- Up-to-date symlink: /workspace/colcon_ws/src/stonefish_slam/install/stonefish_slam/local/lib/python3.10/dist-packages/stonefish_slam/cpp/pybind11/tests/test_enum.py
-- Up-to-date symlink: /workspace/colcon_ws/src/stonefish_slam/install/stonefish_slam/local/lib/python3.10/dist-packages/stonefish_slam/cpp/pybind11/tests/test_eval.cpp
-- Up-to-date symlink: /workspace/colcon_ws/src/stonefish_slam/install/stonefish_slam/local/lib/python3.10/dist-packages/stonefish_slam/cpp/pybind11/tests/test_eval.py
-- Up-to-date symlink: /workspace/colcon_ws/src/stonefish_slam/install/stonefish_slam/local/lib/python3.10/dist-packages/stonefish_slam/cpp/pybind11/tests/test_eval_call.py
-- Up-to-date symlink: /workspace/colcon_ws/src/stonefish_slam/install/stonefish_slam/local/lib/python3.10/dist-packages/stonefish_slam/cpp/pybind11/tests/test_exceptions.cpp
-- Up-to-date symlink: /workspace/colcon_ws/src/stonefish_slam/install/stonefish_slam/local/lib/python3.10/dist-packages/stonefish_slam/cpp/pybind11/tests/test_exceptions.h
-- Up-to-date symlink: /workspace/colcon_ws/src/stonefish_slam/install/stonefish_slam/local/lib/python3.10/dist-packages/stonefish_slam/cpp/pybind11/tests/test_exceptions.py
-- Up-to-date symlink: /workspace/colcon_ws/src/stonefish_slam/install/stonefish_slam/local/lib/python3.10/dist-packages/stonefish_slam/cpp/pybind11/tests/test_factory_constructors.cpp
-- Up-to-date symlink: /workspace/colcon_ws/src/stonefish_slam/install/stonefish_slam/local/lib/python3.10/dist-packages/stonefish_slam/cpp/pybind11/tests/test_factory_constructors.py
-- Up-to-date symlink: /workspace/colcon_ws/src/stonefish_slam/install/stonefish_slam/local/lib/python3.10/dist-packages/stonefish_slam/cpp/pybind11/tests/test_gil_scoped.cpp
-- Up-to-date symlink: /workspace/colcon_ws/src/stonefish_slam/install/stonefish_slam/local/lib/python3.10/dist-packages/stonefish_slam/cpp/pybind11/tests/test_gil_scoped.py
-- Up-to-date symlink: /workspace/colcon_ws/src/stonefish_slam/install/stonefish_slam/local/lib/python3.10/dist-packages/stonefish_slam/cpp/pybind11/tests/test_iostream.cpp
-- Up-to-date symlink: /workspace/colcon_ws/src/stonefish_slam/install/stonefish_slam/local/lib/python3.10/dist-packages/stonefish_slam/cpp/pybind11/tests/test_iostream.py
-- Up-to-date symlink: /workspace/colcon_ws/src/stonefish_slam/install/stonefish_slam/local/lib/python3.10/dist-packages/stonefish_slam/cpp/pybind11/tests/test_kwargs_and_defaults.cpp
-- Up-to-date symlink: /workspace/colcon_ws/src/stonefish_slam/install/stonefish_slam/local/lib/python3.10/dist-packages/stonefish_slam/cpp/pybind11/tests/test_kwargs_and_defaults.py
-- Up-to-date symlink: /workspace/colcon_ws/src/stonefish_slam/install/stonefish_slam/local/lib/python3.10/dist-packages/stonefish_slam/cpp/pybind11/tests/test_local_bindings.cpp
-- Up-to-date symlink: /workspace/colcon_ws/src/stonefish_slam/install/stonefish_slam/local/lib/python3.10/dist-packages/stonefish_slam/cpp/pybind11/tests/test_local_bindings.py
-- Up-to-date symlink: /workspace/colcon_ws/src/stonefish_slam/install/stonefish_slam/local/lib/python3.10/dist-packages/stonefish_slam/cpp/pybind11/tests/test_methods_and_attributes.cpp
-- Up-to-date symlink: /workspace/colcon_ws/src/stonefish_slam/install/stonefish_slam/local/lib/python3.10/dist-packages/stonefish_slam/cpp/pybind11/tests/test_methods_and_attributes.py
-- Up-to-date symlink: /workspace/colcon_ws/src/stonefish_slam/install/stonefish_slam/local/lib/python3.10/dist-packages/stonefish_slam/cpp/pybind11/tests/test_modules.cpp
-- Up-to-date symlink: /workspace/colcon_ws/src/stonefish_slam/install/stonefish_slam/local/lib/python3.10/dist-packages/stonefish_slam/cpp/pybind11/tests/test_modules.py
-- Up-to-date symlink: /workspace/colcon_ws/src/stonefish_slam/install/stonefish_slam/local/lib/python3.10/dist-packages/stonefish_slam/cpp/pybind11/tests/test_multiple_inheritance.cpp
-- Up-to-date symlink: /workspace/colcon_ws/src/stonefish_slam/install/stonefish_slam/local/lib/python3.10/dist-packages/stonefish_slam/cpp/pybind11/tests/test_multiple_inheritance.py
-- Up-to-date symlink: /workspace/colcon_ws/src/stonefish_slam/install/stonefish_slam/local/lib/python3.10/dist-packages/stonefish_slam/cpp/pybind11/tests/test_multiple_interpreters.py
-- Up-to-date symlink: /workspace/colcon_ws/src/stonefish_slam/install/stonefish_slam/local/lib/python3.10/dist-packages/stonefish_slam/cpp/pybind11/tests/test_native_enum.cpp
-- Up-to-date symlink: /workspace/colcon_ws/src/stonefish_slam/install/stonefish_slam/local/lib/python3.10/dist-packages/stonefish_slam/cpp/pybind11/tests/test_native_enum.py
-- Up-to-date symlink: /workspace/colcon_ws/src/stonefish_slam/install/stonefish_slam/local/lib/python3.10/dist-packages/stonefish_slam/cpp/pybind11/tests/test_numpy_array.cpp
-- Up-to-date symlink: /workspace/colcon_ws/src/stonefish_slam/install/stonefish_slam/local/lib/python3.10/dist-packages/stonefish_slam/cpp/pybind11/tests/test_numpy_array.py
-- Up-to-date symlink: /workspace/colcon_ws/src/stonefish_slam/install/stonefish_slam/local/lib/python3.10/dist-packages/stonefish_slam/cpp/pybind11/tests/test_numpy_dtypes.cpp
-- Up-to-date symlink: /workspace/colcon_ws/src/stonefish_slam/install/stonefish_slam/local/lib/python3.10/dist-packages/stonefish_slam/cpp/pybind11/tests/test_numpy_dtypes.py
-- Up-to-date symlink: /workspace/colcon_ws/src/stonefish_slam/install/stonefish_slam/local/lib/python3.10/dist-packages/stonefish_slam/cpp/pybind11/tests/test_numpy_vectorize.cpp
-- Up-to-date symlink: /workspace/colcon_ws/src/stonefish_slam/install/stonefish_slam/local/lib/python3.10/dist-packages/stonefish_slam/cpp/pybind11/tests/test_numpy_vectorize.py
-- Up-to-date symlink: /workspace/colcon_ws/src/stonefish_slam/install/stonefish_slam/local/lib/python3.10/dist-packages/stonefish_slam/cpp/pybind11/tests/test_opaque_types.cpp
-- Up-to-date symlink: /workspace/colcon_ws/src/stonefish_slam/install/stonefish_slam/local/lib/python3.10/dist-packages/stonefish_slam/cpp/pybind11/tests/test_opaque_types.py
-- Up-to-date symlink: /workspace/colcon_ws/src/stonefish_slam/install/stonefish_slam/local/lib/python3.10/dist-packages/stonefish_slam/cpp/pybind11/tests/test_operator_overloading.cpp
-- Up-to-date symlink: /workspace/colcon_ws/src/stonefish_slam/install/stonefish_slam/local/lib/python3.10/dist-packages/stonefish_slam/cpp/pybind11/tests/test_operator_overloading.py
-- Up-to-date symlink: /workspace/colcon_ws/src/stonefish_slam/install/stonefish_slam/local/lib/python3.10/dist-packages/stonefish_slam/cpp/pybind11/tests/test_pickling.cpp
-- Up-to-date symlink: /workspace/colcon_ws/src/stonefish_slam/install/stonefish_slam/local/lib/python3.10/dist-packages/stonefish_slam/cpp/pybind11/tests/test_pickling.py
-- Up-to-date symlink: /workspace/colcon_ws/src/stonefish_slam/install/stonefish_slam/local/lib/python3.10/dist-packages/stonefish_slam/cpp/pybind11/tests/test_potentially_slicing_weak_ptr.cpp
-- Up-to-date symlink: /workspace/colcon_ws/src/stonefish_slam/install/stonefish_slam/local/lib/python3.10/dist-packages/stonefish_slam/cpp/pybind11/tests/test_potentially_slicing_weak_ptr.py
-- Up-to-date symlink: /workspace/colcon_ws/src/stonefish_slam/install/stonefish_slam/local/lib/python3.10/dist-packages/stonefish_slam/cpp/pybind11/tests/test_python_multiple_inheritance.cpp
-- Up-to-date symlink: /workspace/colcon_ws/src/stonefish_slam/install/stonefish_slam/local/lib/python3.10/dist-packages/stonefish_slam/cpp/pybind11/tests/test_python_multiple_inheritance.py
-- Up-to-date symlink: /workspace/colcon_ws/src/stonefish_slam/install/stonefish_slam/local/lib/python3.10/dist-packages/stonefish_slam/cpp/pybind11/tests/test_pytypes.cpp
-- Up-to-date symlink: /workspace/colcon_ws/src/stonefish_slam/install/stonefish_slam/local/lib/python3.10/dist-packages/stonefish_slam/cpp/pybind11/tests/test_pytypes.py
-- Up-to-date symlink: /workspace/colcon_ws/src/stonefish_slam/install/stonefish_slam/local/lib/python3.10/dist-packages/stonefish_slam/cpp/pybind11/tests/test_sequences_and_iterators.cpp
-- Up-to-date symlink: /workspace/colcon_ws/src/stonefish_slam/install/stonefish_slam/local/lib/python3.10/dist-packages/stonefish_slam/cpp/pybind11/tests/test_sequences_and_iterators.py
-- Up-to-date symlink: /workspace/colcon_ws/src/stonefish_slam/install/stonefish_slam/local/lib/python3.10/dist-packages/stonefish_slam/cpp/pybind11/tests/test_smart_ptr.cpp
-- Up-to-date symlink: /workspace/colcon_ws/src/stonefish_slam/install/stonefish_slam/local/lib/python3.10/dist-packages/stonefish_slam/cpp/pybind11/tests/test_smart_ptr.py
-- Up-to-date symlink: /workspace/colcon_ws/src/stonefish_slam/install/stonefish_slam/local/lib/python3.10/dist-packages/stonefish_slam/cpp/pybind11/tests/test_stl.cpp
-- Up-to-date symlink: /workspace/colcon_ws/src/stonefish_slam/install/stonefish_slam/local/lib/python3.10/dist-packages/stonefish_slam/cpp/pybind11/tests/test_stl.py
-- Up-to-date symlink: /workspace/colcon_ws/src/stonefish_slam/install/stonefish_slam/local/lib/python3.10/dist-packages/stonefish_slam/cpp/pybind11/tests/test_stl_binders.cpp
-- Up-to-date symlink: /workspace/colcon_ws/src/stonefish_slam/install/stonefish_slam/local/lib/python3.10/dist-packages/stonefish_slam/cpp/pybind11/tests/test_stl_binders.py
-- Up-to-date symlink: /workspace/colcon_ws/src/stonefish_slam/install/stonefish_slam/local/lib/python3.10/dist-packages/stonefish_slam/cpp/pybind11/tests/test_tagbased_polymorphic.cpp
-- Up-to-date symlink: /workspace/colcon_ws/src/stonefish_slam/install/stonefish_slam/local/lib/python3.10/dist-packages/stonefish_slam/cpp/pybind11/tests/test_tagbased_polymorphic.py
-- Up-to-date symlink: /workspace/colcon_ws/src/stonefish_slam/install/stonefish_slam/local/lib/python3.10/dist-packages/stonefish_slam/cpp/pybind11/tests/test_thread.cpp
-- Up-to-date symlink: /workspace/colcon_ws/src/stonefish_slam/install/stonefish_slam/local/lib/python3.10/dist-packages/stonefish_slam/cpp/pybind11/tests/test_thread.py
-- Up-to-date symlink: /workspace/colcon_ws/src/stonefish_slam/install/stonefish_slam/local/lib/python3.10/dist-packages/stonefish_slam/cpp/pybind11/tests/test_type_caster_pyobject_ptr.cpp
-- Up-to-date symlink: /workspace/colcon_ws/src/stonefish_slam/install/stonefish_slam/local/lib/python3.10/dist-packages/stonefish_slam/cpp/pybind11/tests/test_type_caster_pyobject_ptr.py
-- Up-to-date symlink: /workspace/colcon_ws/src/stonefish_slam/install/stonefish_slam/local/lib/python3.10/dist-packages/stonefish_slam/cpp/pybind11/tests/test_type_caster_std_function_specializations.cpp
-- Up-to-date symlink: /workspace/colcon_ws/src/stonefish_slam/install/stonefish_slam/local/lib/python3.10/dist-packages/stonefish_slam/cpp/pybind11/tests/test_type_caster_std_function_specializations.py
-- Up-to-date symlink: /workspace/colcon_ws/src/stonefish_slam/install/stonefish_slam/local/lib/python3.10/dist-packages/stonefish_slam/cpp/pybind11/tests/test_union.cpp
-- Up-to-date symlink: /workspace/colcon_ws/src/stonefish_slam/install/stonefish_slam/local/lib/python3.10/dist-packages/stonefish_slam/cpp/pybind11/tests/test_union.py
-- Up-to-date symlink: /workspace/colcon_ws/src/stonefish_slam/install/stonefish_slam/local/lib/python3.10/dist-packages/stonefish_slam/cpp/pybind11/tests/test_unnamed_namespace_a.cpp
-- Up-to-date symlink: /workspace/colcon_ws/src/stonefish_slam/install/stonefish_slam/local/lib/python3.10/dist-packages/stonefish_slam/cpp/pybind11/tests/test_unnamed_namespace_a.py
-- Up-to-date symlink: /workspace/colcon_ws/src/stonefish_slam/install/stonefish_slam/local/lib/python3.10/dist-packages/stonefish_slam/cpp/pybind11/tests/test_unnamed_namespace_b.cpp
-- Up-to-date symlink: /workspace/colcon_ws/src/stonefish_slam/install/stonefish_slam/local/lib/python3.10/dist-packages/stonefish_slam/cpp/pybind11/tests/test_unnamed_namespace_b.py
-- Up-to-date symlink: /workspace/colcon_ws/src/stonefish_slam/install/stonefish_slam/local/lib/python3.10/dist-packages/stonefish_slam/cpp/pybind11/tests/test_vector_unique_ptr_member.cpp
-- Up-to-date symlink: /workspace/colcon_ws/src/stonefish_slam/install/stonefish_slam/local/lib/python3.10/dist-packages/stonefish_slam/cpp/pybind11/tests/test_vector_unique_ptr_member.py
-- Up-to-date symlink: /workspace/colcon_ws/src/stonefish_slam/install/stonefish_slam/local/lib/python3.10/dist-packages/stonefish_slam/cpp/pybind11/tests/test_virtual_functions.cpp
-- Up-to-date symlink: /workspace/colcon_ws/src/stonefish_slam/install/stonefish_slam/local/lib/python3.10/dist-packages/stonefish_slam/cpp/pybind11/tests/test_virtual_functions.py
-- Up-to-date symlink: /workspace/colcon_ws/src/stonefish_slam/install/stonefish_slam/local/lib/python3.10/dist-packages/stonefish_slam/cpp/pybind11/tests/test_warnings.cpp
-- Up-to-date symlink: /workspace/colcon_ws/src/stonefish_slam/install/stonefish_slam/local/lib/python3.10/dist-packages/stonefish_slam/cpp/pybind11/tests/test_warnings.py
-- Up-to-date symlink: /workspace/colcon_ws/src/stonefish_slam/install/stonefish_slam/local/lib/python3.10/dist-packages/stonefish_slam/cpp/pybind11/tests/valgrind-numpy-scipy.supp
-- Up-to-date symlink: /workspace/colcon_ws/src/stonefish_slam/install/stonefish_slam/local/lib/python3.10/dist-packages/stonefish_slam/cpp/pybind11/tests/valgrind-python.supp
-- Up-to-date symlink: /workspace/colcon_ws/src/stonefish_slam/install/stonefish_slam/local/lib/python3.10/dist-packages/stonefish_slam/cpp/pybind11/tools/FindCatch.cmake
-- Up-to-date symlink: /workspace/colcon_ws/src/stonefish_slam/install/stonefish_slam/local/lib/python3.10/dist-packages/stonefish_slam/cpp/pybind11/tools/FindEigen3.cmake
-- Up-to-date symlink: /workspace/colcon_ws/src/stonefish_slam/install/stonefish_slam/local/lib/python3.10/dist-packages/stonefish_slam/cpp/pybind11/tools/FindPythonLibsNew.cmake
-- Up-to-date symlink: /workspace/colcon_ws/src/stonefish_slam/install/stonefish_slam/local/lib/python3.10/dist-packages/stonefish_slam/cpp/pybind11/tools/JoinPaths.cmake
-- Up-to-date symlink: /workspace/colcon_ws/src/stonefish_slam/install/stonefish_slam/local/lib/python3.10/dist-packages/stonefish_slam/cpp/pybind11/tools/check-style.sh
-- Up-to-date symlink: /workspace/colcon_ws/src/stonefish_slam/install/stonefish_slam/local/lib/python3.10/dist-packages/stonefish_slam/cpp/pybind11/tools/cmake_uninstall.cmake.in
-- Up-to-date symlink: /workspace/colcon_ws/src/stonefish_slam/install/stonefish_slam/local/lib/python3.10/dist-packages/stonefish_slam/cpp/pybind11/tools/codespell_ignore_lines_from_errors.py
-- Up-to-date symlink: /workspace/colcon_ws/src/stonefish_slam/install/stonefish_slam/local/lib/python3.10/dist-packages/stonefish_slam/cpp/pybind11/tools/libsize.py
-- Up-to-date symlink: /workspace/colcon_ws/src/stonefish_slam/install/stonefish_slam/local/lib/python3.10/dist-packages/stonefish_slam/cpp/pybind11/tools/make_changelog.py
-- Up-to-date symlink: /workspace/colcon_ws/src/stonefish_slam/install/stonefish_slam/local/lib/python3.10/dist-packages/stonefish_slam/cpp/pybind11/tools/make_global.py
-- Up-to-date symlink: /workspace/colcon_ws/src/stonefish_slam/install/stonefish_slam/local/lib/python3.10/dist-packages/stonefish_slam/cpp/pybind11/tools/pybind11.pc.in
-- Up-to-date symlink: /workspace/colcon_ws/src/stonefish_slam/install/stonefish_slam/local/lib/python3.10/dist-packages/stonefish_slam/cpp/pybind11/tools/pybind11Common.cmake
-- Up-to-date symlink: /workspace/colcon_ws/src/stonefish_slam/install/stonefish_slam/local/lib/python3.10/dist-packages/stonefish_slam/cpp/pybind11/tools/pybind11Config.cmake.in
-- Up-to-date symlink: /workspace/colcon_ws/src/stonefish_slam/install/stonefish_slam/local/lib/python3.10/dist-packages/stonefish_slam/cpp/pybind11/tools/pybind11GuessPythonExtSuffix.cmake
-- Up-to-date symlink: /workspace/colcon_ws/src/stonefish_slam/install/stonefish_slam/local/lib/python3.10/dist-packages/stonefish_slam/cpp/pybind11/tools/pybind11NewTools.cmake
-- Up-to-date symlink: /workspace/colcon_ws/src/stonefish_slam/install/stonefish_slam/local/lib/python3.10/dist-packages/stonefish_slam/cpp/pybind11/tools/pybind11Tools.cmake
-- Up-to-date symlink: /workspace/colcon_ws/src/stonefish_slam/install/stonefish_slam/local/lib/python3.10/dist-packages/stonefish_slam/cpp/pybind11/tools/test-pybind11GuessPythonExtSuffix.cmake
-- Up-to-date symlink: /workspace/colcon_ws/src/stonefish_slam/install/stonefish_slam/local/lib/python3.10/dist-packages/stonefish_slam/cpp/ray_processor.cpp
-- Up-to-date symlink: /workspace/colcon_ws/src/stonefish_slam/install/stonefish_slam/local/lib/python3.10/dist-packages/stonefish_slam/cpp/ray_processor.h
-- Up-to-date symlink: /workspace/colcon_ws/src/stonefish_slam/install/stonefish_slam/local/lib/python3.10/dist-packages/stonefish_slam/nodes/__init__.py
-- Up-to-date symlink: /workspace/colcon_ws/src/stonefish_slam/install/stonefish_slam/local/lib/python3.10/dist-packages/stonefish_slam/nodes/dead_reckoning_node.py
-- Up-to-date symlink: /workspace/colcon_ws/src/stonefish_slam/install/stonefish_slam/local/lib/python3.10/dist-packages/stonefish_slam/nodes/kalman_node.py
-- Up-to-date symlink: /workspace/colcon_ws/src/stonefish_slam/install/stonefish_slam/local/lib/python3.10/dist-packages/stonefish_slam/nodes/mapping_2d_standalone_node.py
-- Up-to-date symlink: /workspace/colcon_ws/src/stonefish_slam/install/stonefish_slam/local/lib/python3.10/dist-packages/stonefish_slam/nodes/mapping_3d_standalone_node.py
-- Up-to-date symlink: /workspace/colcon_ws/src/stonefish_slam/install/stonefish_slam/local/lib/python3.10/dist-packages/stonefish_slam/nodes/slam_node.py
-- Up-to-date symlink: /workspace/colcon_ws/src/stonefish_slam/install/stonefish_slam/local/lib/python3.10/dist-packages/stonefish_slam/utils/__init__.py
-- Up-to-date symlink: /workspace/colcon_ws/src/stonefish_slam/install/stonefish_slam/local/lib/python3.10/dist-packages/stonefish_slam/utils/conversions.py
-- Up-to-date symlink: /workspace/colcon_ws/src/stonefish_slam/install/stonefish_slam/local/lib/python3.10/dist-packages/stonefish_slam/utils/fusion.py
-- Up-to-date symlink: /workspace/colcon_ws/src/stonefish_slam/install/stonefish_slam/local/lib/python3.10/dist-packages/stonefish_slam/utils/io.py
-- Up-to-date symlink: /workspace/colcon_ws/src/stonefish_slam/install/stonefish_slam/local/lib/python3.10/dist-packages/stonefish_slam/utils/profiler.py
-- Up-to-date symlink: /workspace/colcon_ws/src/stonefish_slam/install/stonefish_slam/local/lib/python3.10/dist-packages/stonefish_slam/utils/sonar.py
-- Up-to-date symlink: /workspace/colcon_ws/src/stonefish_slam/install/stonefish_slam/local/lib/python3.10/dist-packages/stonefish_slam/utils/topics.py
-- Up-to-date symlink: /workspace/colcon_ws/src/stonefish_slam/install/stonefish_slam/local/lib/python3.10/dist-packages/stonefish_slam/utils/visualization.py
-- Up-to-date symlink: /workspace/colcon_ws/src/stonefish_slam/install/stonefish_slam/local/lib/python3.10/dist-packages/stonefish_slam/cfar.cpython-310-x86_64-linux-gnu.so
-- Up-to-date symlink: /workspace/colcon_ws/src/stonefish_slam/install/stonefish_slam/local/lib/python3.10/dist-packages/stonefish_slam/dda_traversal.cpython-310-x86_64-linux-gnu.so
-- Up-to-date symlink: /workspace/colcon_ws/src/stonefish_slam/install/stonefish_slam/local/lib/python3.10/dist-packages/stonefish_slam/octree_mapping.cpython-310-x86_64-linux-gnu.so
-- Up-to-date symlink: /workspace/colcon_ws/src/stonefish_slam/install/stonefish_slam/local/lib/python3.10/dist-packages/stonefish_slam/ray_processor.cpython-310-x86_64-linux-gnu.so
-- Up-to-date symlink: /workspace/colcon_ws/src/stonefish_slam/install/stonefish_slam/local/lib/python3.10/dist-packages/stonefish_slam/cpp/pcl.so
-- Up-to-date symlink: /workspace/colcon_ws/src/stonefish_slam/install/stonefish_slam/share/stonefish_slam/config/dead_reckoning.yaml
-- Up-to-date symlink: /workspace/colcon_ws/src/stonefish_slam/install/stonefish_slam/share/stonefish_slam/config/factor_graph.yaml
-- Up-to-date symlink: /workspace/colcon_ws/src/stonefish_slam/install/stonefish_slam/share/stonefish_slam/config/feature.yaml
-- Up-to-date symlink: /workspace/colcon_ws/src/stonefish_slam/install/stonefish_slam/share/stonefish_slam/config/icp.yaml
-- Up-to-date symlink: /workspace/colcon_ws/src/stonefish_slam/install/stonefish_slam/share/stonefish_slam/config/localization.yaml
-- Up-to-date symlink: /workspace/colcon_ws/src/stonefish_slam/install/stonefish_slam/share/stonefish_slam/config/mapping.yaml
-- Up-to-date symlink: /workspace/colcon_ws/src/stonefish_slam/install/stonefish_slam/share/stonefish_slam/config/slam.yaml
-- Up-to-date symlink: /workspace/colcon_ws/src/stonefish_slam/install/stonefish_slam/share/stonefish_slam/config/sonar.yaml
-- Up-to-date symlink: /workspace/colcon_ws/src/stonefish_slam/install/stonefish_slam/share/stonefish_slam/launch/dead_reckoning.launch.py
-- Up-to-date symlink: /workspace/colcon_ws/src/stonefish_slam/install/stonefish_slam/share/stonefish_slam/launch/localization.launch.py
-- Up-to-date symlink: /workspace/colcon_ws/src/stonefish_slam/install/stonefish_slam/share/stonefish_slam/launch/mapping.launch.py
-- Up-to-date symlink: /workspace/colcon_ws/src/stonefish_slam/install/stonefish_slam/share/stonefish_slam/launch/mapping_2d_standalone.launch.py
-- Up-to-date symlink: /workspace/colcon_ws/src/stonefish_slam/install/stonefish_slam/share/stonefish_slam/launch/mapping_3d_standalone.launch.py
-- Up-to-date symlink: /workspace/colcon_ws/src/stonefish_slam/install/stonefish_slam/share/stonefish_slam/launch/slam.launch.py
-- Up-to-date symlink: /workspace/colcon_ws/src/stonefish_slam/install/stonefish_slam/share/stonefish_slam/rviz/stonefish_slam.rviz
-- Up-to-date symlink: /workspace/colcon_ws/src/stonefish_slam/install/stonefish_slam/share/ament_index/resource_index/package_run_dependencies/stonefish_slam
-- Up-to-date symlink: /workspace/colcon_ws/src/stonefish_slam/install/stonefish_slam/share/ament_index/resource_index/parent_prefix_path/stonefish_slam
-- Up-to-date symlink: /workspace/colcon_ws/src/stonefish_slam/install/stonefish_slam/share/stonefish_slam/environment/ament_prefix_path.sh
-- Up-to-date symlink: /workspace/colcon_ws/src/stonefish_slam/install/stonefish_slam/share/stonefish_slam/environment/ament_prefix_path.dsv
-- Up-to-date symlink: /workspace/colcon_ws/src/stonefish_slam/install/stonefish_slam/share/stonefish_slam/environment/path.sh
-- Up-to-date symlink: /workspace/colcon_ws/src/stonefish_slam/install/stonefish_slam/share/stonefish_slam/environment/path.dsv
-- Up-to-date symlink: /workspace/colcon_ws/src/stonefish_slam/install/stonefish_slam/share/stonefish_slam/local_setup.bash
-- Up-to-date symlink: /workspace/colcon_ws/src/stonefish_slam/install/stonefish_slam/share/stonefish_slam/local_setup.sh
-- Up-to-date symlink: /workspace/colcon_ws/src/stonefish_slam/install/stonefish_slam/share/stonefish_slam/local_setup.zsh
-- Up-to-date symlink: /workspace/colcon_ws/src/stonefish_slam/install/stonefish_slam/share/stonefish_slam/local_setup.dsv
-- Symlinking: /workspace/colcon_ws/src/stonefish_slam/install/stonefish_slam/share/stonefish_slam/package.dsv
-- Up-to-date symlink: /workspace/colcon_ws/src/stonefish_slam/install/stonefish_slam/share/ament_index/resource_index/packages/stonefish_slam
-- Up-to-date symlink: /workspace/colcon_ws/src/stonefish_slam/install/stonefish_slam/share/stonefish_slam/cmake/stonefish_slamConfig.cmake
-- Up-to-date symlink: /workspace/colcon_ws/src/stonefish_slam/install/stonefish_slam/share/stonefish_slam/cmake/stonefish_slamConfig-version.cmake
-- Up-to-date symlink: /workspace/colcon_ws/src/stonefish_slam/install/stonefish_slam/share/stonefish_slam/package.xml
Listing '/workspace/colcon_ws/src/stonefish_slam/install/stonefish_slam/local/lib/python3.10/dist-packages/stonefish_slam'...
Listing '/workspace/colcon_ws/src/stonefish_slam/install/stonefish_slam/local/lib/python3.10/dist-packages/stonefish_slam/core'...
Compiling '/workspace/colcon_ws/src/stonefish_slam/install/stonefish_slam/local/lib/python3.10/dist-packages/stonefish_slam/core/slam.py'...
Listing '/workspace/colcon_ws/src/stonefish_slam/install/stonefish_slam/local/lib/python3.10/dist-packages/stonefish_slam/cpp'...
Listing '/workspace/colcon_ws/src/stonefish_slam/install/stonefish_slam/local/lib/python3.10/dist-packages/stonefish_slam/cpp/pybind11'...
Listing '/workspace/colcon_ws/src/stonefish_slam/install/stonefish_slam/local/lib/python3.10/dist-packages/stonefish_slam/cpp/pybind11/.github'...
Listing '/workspace/colcon_ws/src/stonefish_slam/install/stonefish_slam/local/lib/python3.10/dist-packages/stonefish_slam/cpp/pybind11/.github/ISSUE_TEMPLATE'...
Listing '/workspace/colcon_ws/src/stonefish_slam/install/stonefish_slam/local/lib/python3.10/dist-packages/stonefish_slam/cpp/pybind11/.github/matchers'...
Listing '/workspace/colcon_ws/src/stonefish_slam/install/stonefish_slam/local/lib/python3.10/dist-packages/stonefish_slam/cpp/pybind11/.github/workflows'...
Listing '/workspace/colcon_ws/src/stonefish_slam/install/stonefish_slam/local/lib/python3.10/dist-packages/stonefish_slam/cpp/pybind11/docs'...
Listing '/workspace/colcon_ws/src/stonefish_slam/install/stonefish_slam/local/lib/python3.10/dist-packages/stonefish_slam/cpp/pybind11/docs/_static'...
Listing '/workspace/colcon_ws/src/stonefish_slam/install/stonefish_slam/local/lib/python3.10/dist-packages/stonefish_slam/cpp/pybind11/docs/_static/css'...
Listing '/workspace/colcon_ws/src/stonefish_slam/install/stonefish_slam/local/lib/python3.10/dist-packages/stonefish_slam/cpp/pybind11/docs/advanced'...
Listing '/workspace/colcon_ws/src/stonefish_slam/install/stonefish_slam/local/lib/python3.10/dist-packages/stonefish_slam/cpp/pybind11/docs/advanced/cast'...
Listing '/workspace/colcon_ws/src/stonefish_slam/install/stonefish_slam/local/lib/python3.10/dist-packages/stonefish_slam/cpp/pybind11/docs/advanced/pycpp'...
Listing '/workspace/colcon_ws/src/stonefish_slam/install/stonefish_slam/local/lib/python3.10/dist-packages/stonefish_slam/cpp/pybind11/docs/cmake'...
Listing '/workspace/colcon_ws/src/stonefish_slam/install/stonefish_slam/local/lib/python3.10/dist-packages/stonefish_slam/cpp/pybind11/include'...
Listing '/workspace/colcon_ws/src/stonefish_slam/install/stonefish_slam/local/lib/python3.10/dist-packages/stonefish_slam/cpp/pybind11/include/pybind11'...
Listing '/workspace/colcon_ws/src/stonefish_slam/install/stonefish_slam/local/lib/python3.10/dist-packages/stonefish_slam/cpp/pybind11/include/pybind11/conduit'...
Listing '/workspace/colcon_ws/src/stonefish_slam/install/stonefish_slam/local/lib/python3.10/dist-packages/stonefish_slam/cpp/pybind11/include/pybind11/detail'...
Listing '/workspace/colcon_ws/src/stonefish_slam/install/stonefish_slam/local/lib/python3.10/dist-packages/stonefish_slam/cpp/pybind11/include/pybind11/eigen'...
Listing '/workspace/colcon_ws/src/stonefish_slam/install/stonefish_slam/local/lib/python3.10/dist-packages/stonefish_slam/cpp/pybind11/include/pybind11/stl'...
Listing '/workspace/colcon_ws/src/stonefish_slam/install/stonefish_slam/local/lib/python3.10/dist-packages/stonefish_slam/cpp/pybind11/pybind11'...
Listing '/workspace/colcon_ws/src/stonefish_slam/install/stonefish_slam/local/lib/python3.10/dist-packages/stonefish_slam/cpp/pybind11/tests'...
Listing '/workspace/colcon_ws/src/stonefish_slam/install/stonefish_slam/local/lib/python3.10/dist-packages/stonefish_slam/cpp/pybind11/tests/extra_python_package'...
Listing '/workspace/colcon_ws/src/stonefish_slam/install/stonefish_slam/local/lib/python3.10/dist-packages/stonefish_slam/cpp/pybind11/tests/extra_setuptools'...
Listing '/workspace/colcon_ws/src/stonefish_slam/install/stonefish_slam/local/lib/python3.10/dist-packages/stonefish_slam/cpp/pybind11/tests/pure_cpp'...
Listing '/workspace/colcon_ws/src/stonefish_slam/install/stonefish_slam/local/lib/python3.10/dist-packages/stonefish_slam/cpp/pybind11/tests/test_cmake_build'...
Listing '/workspace/colcon_ws/src/stonefish_slam/install/stonefish_slam/local/lib/python3.10/dist-packages/stonefish_slam/cpp/pybind11/tests/test_cmake_build/installed_embed'...
Listing '/workspace/colcon_ws/src/stonefish_slam/install/stonefish_slam/local/lib/python3.10/dist-packages/stonefish_slam/cpp/pybind11/tests/test_cmake_build/installed_function'...
Listing '/workspace/colcon_ws/src/stonefish_slam/install/stonefish_slam/local/lib/python3.10/dist-packages/stonefish_slam/cpp/pybind11/tests/test_cmake_build/installed_target'...
Listing '/workspace/colcon_ws/src/stonefish_slam/install/stonefish_slam/local/lib/python3.10/dist-packages/stonefish_slam/cpp/pybind11/tests/test_cmake_build/subdirectory_embed'...
Listing '/workspace/colcon_ws/src/stonefish_slam/install/stonefish_slam/local/lib/python3.10/dist-packages/stonefish_slam/cpp/pybind11/tests/test_cmake_build/subdirectory_function'...
Listing '/workspace/colcon_ws/src/stonefish_slam/install/stonefish_slam/local/lib/python3.10/dist-packages/stonefish_slam/cpp/pybind11/tests/test_cmake_build/subdirectory_target'...
Listing '/workspace/colcon_ws/src/stonefish_slam/install/stonefish_slam/local/lib/python3.10/dist-packages/stonefish_slam/cpp/pybind11/tests/test_embed'...
Listing '/workspace/colcon_ws/src/stonefish_slam/install/stonefish_slam/local/lib/python3.10/dist-packages/stonefish_slam/cpp/pybind11/tools'...
Listing '/workspace/colcon_ws/src/stonefish_slam/install/stonefish_slam/local/lib/python3.10/dist-packages/stonefish_slam/nodes'...
Listing '/workspace/colcon_ws/src/stonefish_slam/install/stonefish_slam/local/lib/python3.10/dist-packages/stonefish_slam/utils'...
-- Up-to-date: /workspace/colcon_ws/src/stonefish_slam/install/stonefish_slam/lib/stonefish_slam/dead_reckoning_node
-- Up-to-date: /workspace/colcon_ws/src/stonefish_slam/install/stonefish_slam/lib/stonefish_slam/slam_node
-- Up-to-date: /workspace/colcon_ws/src/stonefish_slam/install/stonefish_slam/lib/stonefish_slam/kalman_node
-- Up-to-date: /workspace/colcon_ws/src/stonefish_slam/install/stonefish_slam/lib/stonefish_slam/mapping_3d_standalone
-- Up-to-date: /workspace/colcon_ws/src/stonefish_slam/install/stonefish_slam/lib/stonefish_slam/mapping_2d_standalone
