/workspace/colcon_ws/src/stonefish_slam/stonefish_slam/cpp/cfar.cpp: In function ‘MatrixXb os(const MatrixXf&, int, int, int, double)’:
/workspace/colcon_ws/src/stonefish_slam/stonefish_slam/cpp/cfar.cpp:99:13: warning: unused variable ‘leading_sum’ [-Wunused-variable]
   99 |       float leading_sum = 0.0, lagging_sum = 0.0;
      |             ^~~~~~~~~~~
/workspace/colcon_ws/src/stonefish_slam/stonefish_slam/cpp/cfar.cpp:99:32: warning: unused variable ‘lagging_sum’ [-Wunused-variable]
   99 |       float leading_sum = 0.0, lagging_sum = 0.0;
      |                                ^~~~~~~~~~~
/workspace/colcon_ws/src/stonefish_slam/stonefish_slam/cpp/cfar.cpp: In function ‘std::pair<Eigen::Matrix<unsigned char, -1, -1>, Eigen::Matrix<float, -1, -1> > os2(const MatrixXf&, int, int, int, double)’:
/workspace/colcon_ws/src/stonefish_slam/stonefish_slam/cpp/cfar.cpp:194:13: warning: unused variable ‘leading_sum’ [-Wunused-variable]
  194 |       float leading_sum = 0.0, lagging_sum = 0.0;
      |             ^~~~~~~~~~~
/workspace/colcon_ws/src/stonefish_slam/stonefish_slam/cpp/cfar.cpp:194:32: warning: unused variable ‘lagging_sum’ [-Wunused-variable]
  194 |       float leading_sum = 0.0, lagging_sum = 0.0;
      |                                ^~~~~~~~~~~
/workspace/colcon_ws/src/stonefish_slam/stonefish_slam/cpp/ray_processor.cpp: In member function ‘void RayProcessor::process_occupied_voxels_internal(const std::vector<int>&, double, const Matrix4d&, const Vector3d&, std::vector<RayProcessor::VoxelUpdate>&, const Matrix4d*, const std::vector<double>*, int)’:
/workspace/colcon_ws/src/stonefish_slam/stonefish_slam/cpp/ray_processor.cpp:430:28: warning: unused parameter ‘T_world_to_sonar’ [-Wunused-parameter]
  430 |     const Eigen::Matrix4d* T_world_to_sonar,
      |     ~~~~~~~~~~~~~~~~~~~~~~~^~~~~~~~~~~~~~~~
/workspace/colcon_ws/src/stonefish_slam/stonefish_slam/cpp/ray_processor.cpp:431:32: warning: unused parameter ‘first_hit_map’ [-Wunused-parameter]
  431 |     const std::vector<double>* first_hit_map,
      |     ~~~~~~~~~~~~~~~~~~~~~~~~~~~^~~~~~~~~~~~~
/workspace/colcon_ws/src/stonefish_slam/stonefish_slam/cpp/ray_processor.cpp:432:9: warning: unused parameter ‘num_bearings’ [-Wunused-parameter]
  432 |     int num_bearings
      |     ~~~~^~~~~~~~~~~~
lto-wrapper: warning: using serial compilation of 2 LTRANS jobs
lto-wrapper: warning: using serial compilation of 3 LTRANS jobs
lto-wrapper: warning: using serial compilation of 4 LTRANS jobs
lto-wrapper: warning: using serial compilation of 4 LTRANS jobs
lto-wrapper: warning: using serial compilation of 5 LTRANS jobs
