[0.056s] DEBUG:colcon:Command line arguments: ['/usr/bin/colcon', 'build', '--packages-select', 'stonefish_slam', '--symlink-install']
[0.056s] DEBUG:colcon:Parsed command line arguments: Namespace(log_base=None, log_level=None, verb_name='build', build_base='build', install_base='install', merge_install=False, symlink_install=True, test_result_base=None, continue_on_error=False, executor='parallel', parallel_workers=28, event_handlers=None, ignore_user_meta=False, metas=['./colcon.meta'], base_paths=['.'], packages_ignore=None, packages_ignore_regex=None, paths=None, packages_up_to=None, packages_up_to_regex=None, packages_above=None, packages_above_and_dependencies=None, packages_above_depth=None, packages_select_by_dep=None, packages_skip_by_dep=None, packages_skip_up_to=None, packages_select_build_failed=False, packages_skip_build_finished=False, packages_select_test_failures=False, packages_skip_test_passed=False, packages_select=['stonefish_slam'], packages_skip=None, packages_select_regex=None, packages_skip_regex=None, packages_start=None, packages_end=None, cmake_args=None, cmake_target=None, cmake_target_skip_unavailable=False, cmake_clean_cache=False, cmake_clean_first=False, cmake_force_configure=False, ament_cmake_args=None, catkin_cmake_args=None, catkin_skip_building_tests=False, mixin_files=None, mixin=None, verb_parser=<colcon_mixin.mixin.mixin_argument.MixinArgumentDecorator object at 0x7fae6cc9b0a0>, verb_extension=<colcon_core.verb.build.BuildVerb object at 0x7fae6cc9a710>, main=<bound method BuildVerb.main of <colcon_core.verb.build.BuildVerb object at 0x7fae6cc9a710>>, mixin_verb=('build',))
[0.075s] Level 1:colcon.colcon_core.package_discovery:discover_packages(colcon_meta) check parameters
[0.076s] INFO:colcon.colcon_metadata.package_discovery.colcon_meta:Using configuration from '/root/.colcon/metadata/default/Gazebo.meta'
[0.076s] INFO:colcon.colcon_metadata.package_discovery.colcon_meta:Using configuration from '/root/.colcon/metadata/default/fastdds.meta'
[0.076s] INFO:colcon.colcon_metadata.package_discovery.colcon_meta:Using configuration from '/root/.colcon/metadata/default/fastrtps.meta'
[0.076s] Level 1:colcon.colcon_core.package_discovery:discover_packages(recursive) check parameters
[0.076s] Level 1:colcon.colcon_core.package_discovery:discover_packages(ignore) check parameters
[0.076s] Level 1:colcon.colcon_core.package_discovery:discover_packages(path) check parameters
[0.076s] Level 1:colcon.colcon_core.package_discovery:discover_packages(colcon_meta) discover
[0.076s] Level 1:colcon.colcon_core.package_discovery:discover_packages(recursive) discover
[0.076s] INFO:colcon.colcon_core.package_discovery:Crawling recursively for packages in '/workspace/colcon_ws/src/stonefish_slam'
[0.076s] Level 1:colcon.colcon_core.package_identification:_identify(.) by extensions ['ignore', 'ignore_ament_install']
[0.076s] Level 1:colcon.colcon_core.package_identification:_identify(.) by extension 'ignore'
[0.076s] Level 1:colcon.colcon_core.package_identification:_identify(.) by extension 'ignore_ament_install'
[0.076s] Level 1:colcon.colcon_core.package_identification:_identify(.) by extensions ['colcon_pkg']
[0.076s] Level 1:colcon.colcon_core.package_identification:_identify(.) by extension 'colcon_pkg'
[0.076s] Level 1:colcon.colcon_core.package_identification:_identify(.) by extensions ['colcon_meta']
[0.076s] Level 1:colcon.colcon_core.package_identification:_identify(.) by extension 'colcon_meta'
[0.076s] Level 1:colcon.colcon_core.package_identification:_identify(.) by extensions ['ros']
[0.076s] Level 1:colcon.colcon_core.package_identification:_identify(.) by extension 'ros'
[0.090s] DEBUG:colcon.colcon_core.package_identification:Package '.' with type 'ros.ament_cmake' and name 'stonefish_slam'
[0.090s] Level 1:colcon.colcon_core.package_discovery:discover_packages(recursive) using defaults
[0.090s] Level 1:colcon.colcon_core.package_discovery:discover_packages(ignore) discover
[0.090s] Level 1:colcon.colcon_core.package_discovery:discover_packages(ignore) using defaults
[0.090s] Level 1:colcon.colcon_core.package_discovery:discover_packages(path) discover
[0.090s] Level 1:colcon.colcon_core.package_discovery:discover_packages(path) using defaults
[0.101s] Level 5:colcon.colcon_core.verb:set package 'stonefish_slam' build argument 'cmake_args' from command line to 'None'
[0.101s] Level 5:colcon.colcon_core.verb:set package 'stonefish_slam' build argument 'cmake_target' from command line to 'None'
[0.101s] Level 5:colcon.colcon_core.verb:set package 'stonefish_slam' build argument 'cmake_target_skip_unavailable' from command line to 'False'
[0.101s] Level 5:colcon.colcon_core.verb:set package 'stonefish_slam' build argument 'cmake_clean_cache' from command line to 'False'
[0.101s] Level 5:colcon.colcon_core.verb:set package 'stonefish_slam' build argument 'cmake_clean_first' from command line to 'False'
[0.101s] Level 5:colcon.colcon_core.verb:set package 'stonefish_slam' build argument 'cmake_force_configure' from command line to 'False'
[0.101s] Level 5:colcon.colcon_core.verb:set package 'stonefish_slam' build argument 'ament_cmake_args' from command line to 'None'
[0.101s] Level 5:colcon.colcon_core.verb:set package 'stonefish_slam' build argument 'catkin_cmake_args' from command line to 'None'
[0.101s] Level 5:colcon.colcon_core.verb:set package 'stonefish_slam' build argument 'catkin_skip_building_tests' from command line to 'False'
[0.101s] DEBUG:colcon.colcon_core.verb:Building package 'stonefish_slam' with the following arguments: {'ament_cmake_args': None, 'build_base': '/workspace/colcon_ws/src/stonefish_slam/build/stonefish_slam', 'catkin_cmake_args': None, 'catkin_skip_building_tests': False, 'cmake_args': None, 'cmake_clean_cache': False, 'cmake_clean_first': False, 'cmake_force_configure': False, 'cmake_target': None, 'cmake_target_skip_unavailable': False, 'install_base': '/workspace/colcon_ws/src/stonefish_slam/install/stonefish_slam', 'merge_install': False, 'path': '/workspace/colcon_ws/src/stonefish_slam', 'symlink_install': True, 'test_result_base': None}
[0.101s] INFO:colcon.colcon_core.executor:Executing jobs using 'parallel' executor
[0.101s] DEBUG:colcon.colcon_parallel_executor.executor.parallel:run_until_complete
[0.102s] INFO:colcon.colcon_ros.task.ament_cmake.build:Building ROS package in '/workspace/colcon_ws/src/stonefish_slam' with build type 'ament_cmake'
[0.102s] INFO:colcon.colcon_cmake.task.cmake.build:Building CMake package in '/workspace/colcon_ws/src/stonefish_slam'
[0.103s] INFO:colcon.colcon_core.plugin_system:Skipping extension 'colcon_core.shell.bat': Not used on non-Windows systems
[0.103s] INFO:colcon.colcon_core.shell:Skip shell extension 'powershell' for command environment: Not usable outside of PowerShell
[0.103s] DEBUG:colcon.colcon_core.shell:Skip shell extension 'dsv' for command environment
[0.107s] DEBUG:colcon.colcon_core.event_handler.log_command:Invoking command in '/workspace/colcon_ws/src/stonefish_slam/build/stonefish_slam': CMAKE_PREFIX_PATH=${CMAKE_PREFIX_PATH}:/workspace/colcon_ws/install/stonefish_trajectory_manager:/workspace/colcon_ws/install/stonefish_thruster_manager:/workspace/colcon_ws/install/stonefish_control_utils:/workspace/colcon_ws/install/stonefish_control:/opt/ros/humble /usr/bin/cmake /workspace/colcon_ws/src/stonefish_slam -DAMENT_CMAKE_SYMLINK_INSTALL=1 -DCMAKE_INSTALL_PREFIX=/workspace/colcon_ws/src/stonefish_slam/install/stonefish_slam
[1.936s] DEBUG:colcon.colcon_core.event_handler.log_command:Invoked command in '/workspace/colcon_ws/src/stonefish_slam/build/stonefish_slam' returned '0': CMAKE_PREFIX_PATH=${CMAKE_PREFIX_PATH}:/workspace/colcon_ws/install/stonefish_trajectory_manager:/workspace/colcon_ws/install/stonefish_thruster_manager:/workspace/colcon_ws/install/stonefish_control_utils:/workspace/colcon_ws/install/stonefish_control:/opt/ros/humble /usr/bin/cmake /workspace/colcon_ws/src/stonefish_slam -DAMENT_CMAKE_SYMLINK_INSTALL=1 -DCMAKE_INSTALL_PREFIX=/workspace/colcon_ws/src/stonefish_slam/install/stonefish_slam
[1.938s] DEBUG:colcon.colcon_core.event_handler.log_command:Invoking command in '/workspace/colcon_ws/src/stonefish_slam/build/stonefish_slam': CMAKE_PREFIX_PATH=${CMAKE_PREFIX_PATH}:/workspace/colcon_ws/install/stonefish_trajectory_manager:/workspace/colcon_ws/install/stonefish_thruster_manager:/workspace/colcon_ws/install/stonefish_control_utils:/workspace/colcon_ws/install/stonefish_control:/opt/ros/humble /usr/bin/cmake --build /workspace/colcon_ws/src/stonefish_slam/build/stonefish_slam -- -j28 -l28
[5.618s] DEBUG:colcon.colcon_core.event_handler.log_command:Invoked command in '/workspace/colcon_ws/src/stonefish_slam/build/stonefish_slam' returned '2': CMAKE_PREFIX_PATH=${CMAKE_PREFIX_PATH}:/workspace/colcon_ws/install/stonefish_trajectory_manager:/workspace/colcon_ws/install/stonefish_thruster_manager:/workspace/colcon_ws/install/stonefish_control_utils:/workspace/colcon_ws/install/stonefish_control:/opt/ros/humble /usr/bin/cmake --build /workspace/colcon_ws/src/stonefish_slam/build/stonefish_slam -- -j28 -l28
[5.618s] Level 1:colcon.colcon_core.environment:create_environment_scripts_only(stonefish_slam)
[5.620s] Level 1:colcon.colcon_core.environment:checking '/workspace/colcon_ws/src/stonefish_slam/install/stonefish_slam' for CMake module files
[5.620s] Level 1:colcon.colcon_core.environment:checking '/workspace/colcon_ws/src/stonefish_slam/install/stonefish_slam' for CMake config files
[5.621s] Level 1:colcon.colcon_core.environment:checking '/workspace/colcon_ws/src/stonefish_slam/install/stonefish_slam/bin'
[5.621s] Level 1:colcon.colcon_core.environment:checking '/workspace/colcon_ws/src/stonefish_slam/install/stonefish_slam/lib/pkgconfig/stonefish_slam.pc'
[5.621s] Level 1:colcon.colcon_core.environment:checking '/workspace/colcon_ws/src/stonefish_slam/install/stonefish_slam/lib/python3.10/site-packages'
[5.621s] Level 1:colcon.colcon_core.environment:checking '/workspace/colcon_ws/src/stonefish_slam/install/stonefish_slam/bin'
[5.621s] INFO:colcon.colcon_core.shell:Creating package script '/workspace/colcon_ws/src/stonefish_slam/install/stonefish_slam/share/stonefish_slam/package.ps1'
[5.622s] INFO:colcon.colcon_core.shell:Creating package descriptor '/workspace/colcon_ws/src/stonefish_slam/install/stonefish_slam/share/stonefish_slam/package.dsv'
[5.622s] INFO:colcon.colcon_core.shell:Creating package script '/workspace/colcon_ws/src/stonefish_slam/install/stonefish_slam/share/stonefish_slam/package.sh'
[5.622s] INFO:colcon.colcon_core.shell:Creating package script '/workspace/colcon_ws/src/stonefish_slam/install/stonefish_slam/share/stonefish_slam/package.bash'
[5.623s] INFO:colcon.colcon_core.shell:Creating package script '/workspace/colcon_ws/src/stonefish_slam/install/stonefish_slam/share/stonefish_slam/package.zsh'
[5.623s] Level 1:colcon.colcon_core.environment:create_file_with_runtime_dependencies(/workspace/colcon_ws/src/stonefish_slam/install/stonefish_slam/share/colcon-core/packages/stonefish_slam)
[5.633s] DEBUG:colcon.colcon_parallel_executor.executor.parallel:closing loop
[5.634s] DEBUG:colcon.colcon_parallel_executor.executor.parallel:loop closed
[5.634s] DEBUG:colcon.colcon_parallel_executor.executor.parallel:run_until_complete finished with '2'
[5.634s] DEBUG:colcon.colcon_core.event_reactor:joining thread
[5.637s] INFO:colcon.colcon_core.plugin_system:Skipping extension 'colcon_notification.desktop_notification.notify_send': Could not find 'notify-send'
[5.638s] INFO:colcon.colcon_core.plugin_system:Skipping extension 'colcon_notification.desktop_notification.terminal_notifier': Not used on non-Darwin systems
[5.638s] INFO:colcon.colcon_core.plugin_system:Skipping extension 'colcon_notification.desktop_notification.win32': Not used on non-Windows systems
[5.638s] INFO:colcon.colcon_notification.desktop_notification:Sending desktop notification using 'notify2'
[5.639s] DEBUG:colcon.colcon_notification.desktop_notification.notify2:Failed to initialize notify2: org.freedesktop.DBus.Error.Spawn.ExecFailed: /usr/bin/dbus-launch terminated abnormally without any error message
[5.640s] DEBUG:colcon.colcon_core.event_reactor:joined thread
[5.640s] INFO:colcon.colcon_core.shell:Creating prefix script '/workspace/colcon_ws/src/stonefish_slam/install/local_setup.ps1'
[5.642s] INFO:colcon.colcon_core.shell:Creating prefix util module '/workspace/colcon_ws/src/stonefish_slam/install/_local_setup_util_ps1.py'
[5.645s] INFO:colcon.colcon_core.shell:Creating prefix chain script '/workspace/colcon_ws/src/stonefish_slam/install/setup.ps1'
[5.647s] INFO:colcon.colcon_core.shell:Creating prefix script '/workspace/colcon_ws/src/stonefish_slam/install/local_setup.sh'
[5.647s] INFO:colcon.colcon_core.shell:Creating prefix util module '/workspace/colcon_ws/src/stonefish_slam/install/_local_setup_util_sh.py'
[5.648s] INFO:colcon.colcon_core.shell:Creating prefix chain script '/workspace/colcon_ws/src/stonefish_slam/install/setup.sh'
[5.649s] INFO:colcon.colcon_core.shell:Creating prefix script '/workspace/colcon_ws/src/stonefish_slam/install/local_setup.bash'
[5.649s] INFO:colcon.colcon_core.shell:Creating prefix chain script '/workspace/colcon_ws/src/stonefish_slam/install/setup.bash'
[5.650s] INFO:colcon.colcon_core.shell:Creating prefix script '/workspace/colcon_ws/src/stonefish_slam/install/local_setup.zsh'
[5.650s] INFO:colcon.colcon_core.shell:Creating prefix chain script '/workspace/colcon_ws/src/stonefish_slam/install/setup.zsh'
